<?xml version="1.0" encoding="UTF-8"?>
<testsuite xmlns:xsi="http://www.w3.org/2001/XMLSchema-instance" xsi:noNamespaceSchemaLocation="https://maven.apache.org/surefire/maven-surefire-plugin/xsd/surefire-test-report.xsd" version="3.0.2" name="ru.shokhinsergey.consumer.handler.HandlerWithKafkaIntegrationTest" time="13.705" tests="2" errors="0" skipped="0" failures="0">
  <properties>
[...]
</properties>
  <testcase name="receiveMessageFromKafkaOnDelete_Ok_MethodSendMessage" classname="ru.shokhinsergey.consumer.handler.HandlerWithKafkaIntegrationTest" time="2.438">
    <system-out><![CDATA[2025-12-16T21:27:21.228+03:00  INFO 6068 --- [Consumer] [           main] t.c.s.AnnotationConfigContextLoaderUtils : Could not detect default configuration classes for test class [ru.shokhinsergey.consumer.handler.HandlerWithKafkaIntegrationTest]: HandlerWithKafkaIntegrationTest does not declare any static, non-private, non-final, nested classes annotated with @Configuration.
2025-12-16T21:27:21.258+03:00  INFO 6068 --- [Consumer] [           main] .b.t.c.SpringBootTestContextBootstrapper : Found @SpringBootConfiguration ru.shokhinsergey.consumer.ConsumerApplication for test class ru.shokhinsergey.consumer.handler.HandlerWithKafkaIntegrationTest

  .   ____          _            __ _ _
 /\\ / ___'_ __ _ _(_)_ __  __ _ \ \ \ \
( ( )\___ | '_ | '_| | '_ \/ _` | \ \ \ \
 \\/  ___)| |_)| | | | | || (_| |  ) ) ) )
  '  |____| .__|_| |_|_| |_\__, | / / / /
 =========|_|==============|___/=/_/_/_/

 :: Spring Boot ::                (v3.5.8)

2025-12-16T21:27:21.440+03:00  INFO 6068 --- [Consumer] [           main] k.utils.Log4jControllerRegistration$     : Registered kafka:type=kafka.Log4jController MBean
2025-12-16T21:27:21.476+03:00  INFO 6068 --- [Consumer] [           main] o.a.zookeeper.server.ZooKeeperServer     : 
2025-12-16T21:27:21.476+03:00  INFO 6068 --- [Consumer] [           main] o.a.zookeeper.server.ZooKeeperServer     :   ______                  _                                          
2025-12-16T21:27:21.477+03:00  INFO 6068 --- [Consumer] [           main] o.a.zookeeper.server.ZooKeeperServer     :  |___  /                 | |                                         
2025-12-16T21:27:21.477+03:00  INFO 6068 --- [Consumer] [           main] o.a.zookeeper.server.ZooKeeperServer     :     / /    ___     ___   | | __   ___    ___   _ __     ___   _ __   
2025-12-16T21:27:21.477+03:00  INFO 6068 --- [Consumer] [           main] o.a.zookeeper.server.ZooKeeperServer     :    / /    / _ \   / _ \  | |/ /  / _ \  / _ \ | '_ \   / _ \ | '__|
2025-12-16T21:27:21.477+03:00  INFO 6068 --- [Consumer] [           main] o.a.zookeeper.server.ZooKeeperServer     :   / /__  | (_) | | (_) | |   <  |  __/ |  __/ | |_) | |  __/ | |    
2025-12-16T21:27:21.478+03:00  INFO 6068 --- [Consumer] [           main] o.a.zookeeper.server.ZooKeeperServer     :  /_____|  \___/   \___/  |_|\_\  \___|  \___| | .__/   \___| |_|
2025-12-16T21:27:21.479+03:00  INFO 6068 --- [Consumer] [           main] o.a.zookeeper.server.ZooKeeperServer     :                                               | |                     
2025-12-16T21:27:21.479+03:00  INFO 6068 --- [Consumer] [           main] o.a.zookeeper.server.ZooKeeperServer     :                                               |_|                     
2025-12-16T21:27:21.479+03:00  INFO 6068 --- [Consumer] [           main] o.a.zookeeper.server.ZooKeeperServer     : 
2025-12-16T21:27:21.540+03:00  INFO 6068 --- [Consumer] [ntainer#0-0-C-1] org.apache.kafka.clients.NetworkClient   : [Consumer clientId=consumer-user-event-1, groupId=user-event] Node -1 disconnected.
2025-12-16T21:27:21.544+03:00  WARN 6068 --- [Consumer] [ntainer#0-0-C-1] org.apache.kafka.clients.NetworkClient   : [Consumer clientId=consumer-user-event-1, groupId=user-event] Connection to node -1 (localhost/127.0.0.1:9092) could not be established. Node may not be available.
2025-12-16T21:27:21.544+03:00  WARN 6068 --- [Consumer] [ntainer#0-0-C-1] org.apache.kafka.clients.NetworkClient   : [Consumer clientId=consumer-user-event-1, groupId=user-event] Bootstrap broker localhost:9092 (id: -1 rack: null) disconnected
2025-12-16T21:27:22.636+03:00  INFO 6068 --- [Consumer] [ntainer#0-0-C-1] org.apache.kafka.clients.NetworkClient   : [Consumer clientId=consumer-user-event-1, groupId=user-event] Node -1 disconnected.
2025-12-16T21:27:22.637+03:00  WARN 6068 --- [Consumer] [ntainer#0-0-C-1] org.apache.kafka.clients.NetworkClient   : [Consumer clientId=consumer-user-event-1, groupId=user-event] Connection to node -1 (localhost/127.0.0.1:9092) could not be established. Node may not be available.
2025-12-16T21:27:22.637+03:00  WARN 6068 --- [Consumer] [ntainer#0-0-C-1] org.apache.kafka.clients.NetworkClient   : [Consumer clientId=consumer-user-event-1, groupId=user-event] Bootstrap broker localhost:9092 (id: -1 rack: null) disconnected
2025-12-16T21:27:23.737+03:00  INFO 6068 --- [Consumer] [           main] o.a.zookeeper.server.ZooKeeperServer     : Server environment:zookeeper.version=3.8.5-19f1842d4b6ee1f82cc8b05284959b26c6ae507d, built on 2025-09-03 21:35 UTC
2025-12-16T21:27:23.738+03:00  INFO 6068 --- [Consumer] [           main] o.a.zookeeper.server.ZooKeeperServer     : Server environment:host.name=192.168.31.40
2025-12-16T21:27:23.738+03:00  INFO 6068 --- [Consumer] [           main] o.a.zookeeper.server.ZooKeeperServer     : Server environment:java.version=17.0.12
2025-12-16T21:27:23.738+03:00  INFO 6068 --- [Consumer] [           main] o.a.zookeeper.server.ZooKeeperServer     : Server environment:java.vendor=Oracle Corporation
2025-12-16T21:27:23.738+03:00  INFO 6068 --- [Consumer] [           main] o.a.zookeeper.server.ZooKeeperServer     : Server environment:java.home=C:\Program Files\Java\jdk-17
2025-12-16T21:27:23.738+03:00  INFO 6068 --- [Consumer] [           main] o.a.zookeeper.server.ZooKeeperServer     : Server environment:java.class.path=D:\OBUCH\Aston\INTENSIVE\Task__5\notifierkafkaApp\notifierkafka\Consumer\target\test-classes;D:\OBUCH\Aston\INTENSIVE\Task__5\notifierkafkaApp\notifierkafka\Consumer\target\classes;C:\Users\СЕРГ\.m2\repository\org\springframework\boot\spring-boot-starter-mail\3.5.8\spring-boot-starter-mail-3.5.8.jar;C:\Users\СЕРГ\.m2\repository\org\springframework\boot\spring-boot-starter\3.5.8\spring-boot-starter-3.5.8.jar;C:\Users\СЕРГ\.m2\repository\org\springframework\boot\spring-boot\3.5.8\spring-boot-3.5.8.jar;C:\Users\СЕРГ\.m2\repository\org\springframework\boot\spring-boot-autoconfigure\3.5.8\spring-boot-autoconfigure-3.5.8.jar;C:\Users\СЕРГ\.m2\repository\org\springframework\boot\spring-boot-starter-logging\3.5.8\spring-boot-starter-logging-3.5.8.jar;C:\Users\СЕРГ\.m2\repository\org\apache\logging\log4j\log4j-to-slf4j\2.24.3\log4j-to-slf4j-2.24.3.jar;C:\Users\СЕРГ\.m2\repository\org\apache\logging\log4j\log4j-api\2.24.3\log4j-api-2.24.3.jar;C:\Users\СЕРГ\.m2\repository\org\slf4j\jul-to-slf4j\2.0.17\jul-to-slf4j-2.0.17.jar;C:\Users\СЕРГ\.m2\repository\jakarta\annotation\jakarta.annotation-api\2.1.1\jakarta.annotation-api-2.1.1.jar;C:\Users\СЕРГ\.m2\repository\org\yaml\snakeyaml\2.4\snakeyaml-2.4.jar;C:\Users\СЕРГ\.m2\repository\org\springframework\spring-context-support\6.2.14\spring-context-support-6.2.14.jar;C:\Users\СЕРГ\.m2\repository\org\springframework\spring-beans\6.2.14\spring-beans-6.2.14.jar;C:\Users\СЕРГ\.m2\repository\org\eclipse\angus\jakarta.mail\2.0.5\jakarta.mail-2.0.5.jar;C:\Users\СЕРГ\.m2\repository\jakarta\activation\jakarta.activation-api\2.1.4\jakarta.activation-api-2.1.4.jar;C:\Users\СЕРГ\.m2\repository\org\eclipse\angus\angus-activation\2.0.3\angus-activation-2.0.3.jar;C:\Users\СЕРГ\.m2\repository\org\springframework\boot\spring-boot-starter-validation\3.5.8\spring-boot-starter-validation-3.5.8.jar;C:\Users\СЕРГ\.m2\repository\org\apache\tomcat\embed\tomcat-embed-el\10.1.49\tomcat-embed-el-10.1.49.jar;C:\Users\СЕРГ\.m2\repository\org\hibernate\validator\hibernate-validator\8.0.3.Final\hibernate-validator-8.0.3.Final.jar;C:\Users\СЕРГ\.m2\repository\jakarta\validation\jakarta.validation-api\3.0.2\jakarta.validation-api-3.0.2.jar;C:\Users\СЕРГ\.m2\repository\org\jboss\logging\jboss-logging\3.6.1.Final\jboss-logging-3.6.1.Final.jar;C:\Users\СЕРГ\.m2\repository\com\fasterxml\classmate\1.7.1\classmate-1.7.1.jar;C:\Users\СЕРГ\.m2\repository\org\springframework\boot\spring-boot-starter-web\3.5.8\spring-boot-starter-web-3.5.8.jar;C:\Users\СЕРГ\.m2\repository\org\springframework\boot\spring-boot-starter-json\3.5.8\spring-boot-starter-json-3.5.8.jar;C:\Users\СЕРГ\.m2\repository\com\fasterxml\jackson\core\jackson-databind\2.19.4\jackson-databind-2.19.4.jar;C:\Users\СЕРГ\.m2\repository\com\fasterxml\jackson\core\jackson-annotations\2.19.4\jackson-annotations-2.19.4.jar;C:\Users\СЕРГ\.m2\repository\com\fasterxml\jackson\core\jackson-core\2.19.4\jackson-core-2.19.4.jar;C:\Users\СЕРГ\.m2\repository\com\fasterxml\jackson\datatype\jackson-datatype-jdk8\2.19.4\jackson-datatype-jdk8-2.19.4.jar;C:\Users\СЕРГ\.m2\repository\com\fasterxml\jackson\datatype\jackson-datatype-jsr310\2.19.4\jackson-datatype-jsr310-2.19.4.jar;C:\Users\СЕРГ\.m2\repository\com\fasterxml\jackson\module\jackson-module-parameter-names\2.19.4\jackson-module-parameter-names-2.19.4.jar;C:\Users\СЕРГ\.m2\repository\org\springframework\boot\spring-boot-starter-tomcat\3.5.8\spring-boot-starter-tomcat-3.5.8.jar;C:\Users\СЕРГ\.m2\repository\org\apache\tomcat\embed\tomcat-embed-core\10.1.49\tomcat-embed-core-10.1.49.jar;C:\Users\СЕРГ\.m2\repository\org\apache\tomcat\embed\tomcat-embed-websocket\10.1.49\tomcat-embed-websocket-10.1.49.jar;C:\Users\СЕРГ\.m2\repository\org\springframework\spring-web\6.2.14\spring-web-6.2.14.jar;C:\Users\СЕРГ\.m2\repository\org\springframework\spring-webmvc\6.2.14\spring-webmvc-6.2.14.jar;C:\Users\СЕРГ\.m2\repository\org\springframework\spring-aop\6.2.14\spring-aop-6.2.14.jar;C:\Users\СЕРГ\.m2\repository\org\springframework\spring-expression\6.2.14\spring-expression-6.2.14.jar;C:\Users\СЕРГ\.m2\repository\org\springframework\kafka\spring-kafka\3.3.11\spring-kafka-3.3.11.jar;C:\Users\СЕРГ\.m2\repository\org\springframework\spring-context\6.2.14\spring-context-6.2.14.jar;C:\Users\СЕРГ\.m2\repository\org\springframework\spring-messaging\6.2.14\spring-messaging-6.2.14.jar;C:\Users\СЕРГ\.m2\repository\org\springframework\spring-tx\6.2.14\spring-tx-6.2.14.jar;C:\Users\СЕРГ\.m2\repository\org\springframework\retry\spring-retry\2.0.12\spring-retry-2.0.12.jar;C:\Users\СЕРГ\.m2\repository\org\apache\kafka\kafka-clients\3.9.1\kafka-clients-3.9.1.jar;C:\Users\СЕРГ\.m2\repository\com\github\luben\zstd-jni\1.5.6-4\zstd-jni-1.5.6-4.jar;C:\Users\СЕРГ\.m2\repository\org\lz4\lz4-java\1.8.0\lz4-java-1.8.0.jar;C:\Users\СЕРГ\.m2\repository\org\xerial\snappy\snappy-java\1.1.10.5\snappy-java-1.1.10.5.jar;C:\Users\СЕРГ\.m2\repository\org\slf4j\slf4j-api\2.0.17\slf4j-api-2.0.17.jar;C:\Users\СЕРГ\.m2\repository\io\micrometer\micrometer-observation\1.15.6\micrometer-observation-1.15.6.jar;C:\Users\СЕРГ\.m2\repository\io\micrometer\micrometer-commons\1.15.6\micrometer-commons-1.15.6.jar;C:\Users\СЕРГ\.m2\repository\ru\shokhinsergey\kafkamessage\1.0-SNAPSHOT\kafkamessage-1.0-SNAPSHOT.jar;C:\Users\СЕРГ\.m2\repository\org\springframework\boot\spring-boot-starter-test\3.5.8\spring-boot-starter-test-3.5.8.jar;C:\Users\СЕРГ\.m2\repository\org\springframework\boot\spring-boot-test\3.5.8\spring-boot-test-3.5.8.jar;C:\Users\СЕРГ\.m2\repository\org\springframework\boot\spring-boot-test-autoconfigure\3.5.8\spring-boot-test-autoconfigure-3.5.8.jar;C:\Users\СЕРГ\.m2\repository\com\jayway\jsonpath\json-path\2.9.0\json-path-2.9.0.jar;C:\Users\СЕРГ\.m2\repository\jakarta\xml\bind\jakarta.xml.bind-api\4.0.4\jakarta.xml.bind-api-4.0.4.jar;C:\Users\СЕРГ\.m2\repository\net\minidev\json-smart\2.5.2\json-smart-2.5.2.jar;C:\Users\СЕРГ\.m2\repository\net\minidev\accessors-smart\2.5.2\accessors-smart-2.5.2.jar;C:\Users\СЕРГ\.m2\repository\org\ow2\asm\asm\9.7.1\asm-9.7.1.jar;C:\Users\СЕРГ\.m2\repository\org\assertj\assertj-core\3.27.6\assertj-core-3.27.6.jar;C:\Users\СЕРГ\.m2\repository\net\bytebuddy\byte-buddy\1.17.8\byte-buddy-1.17.8.jar;C:\Users\СЕРГ\.m2\repository\org\awaitility\awaitility\4.2.2\awaitility-4.2.2.jar;C:\Users\СЕРГ\.m2\repository\org\hamcrest\hamcrest\3.0\hamcrest-3.0.jar;C:\Users\СЕРГ\.m2\repository\org\junit\jupiter\junit-jupiter\5.12.2\junit-jupiter-5.12.2.jar;C:\Users\СЕРГ\.m2\repository\org\junit\jupiter\junit-jupiter-params\5.12.2\junit-jupiter-params-5.12.2.jar;C:\Users\СЕРГ\.m2\repository\org\junit\jupiter\junit-jupiter-engine\5.12.2\junit-jupiter-engine-5.12.2.jar;C:\Users\СЕРГ\.m2\repository\org\mockito\mockito-core\5.17.0\mockito-core-5.17.0.jar;C:\Users\СЕРГ\.m2\repository\net\bytebuddy\byte-buddy-agent\1.17.8\byte-buddy-agent-1.17.8.jar;C:\Users\СЕРГ\.m2\repository\org\objenesis\objenesis\3.3\objenesis-3.3.jar;C:\Users\СЕРГ\.m2\repository\org\mockito\mockito-junit-jupiter\5.17.0\mockito-junit-jupiter-5.17.0.jar;C:\Users\СЕРГ\.m2\repository\org\skyscreamer\jsonassert\1.5.3\jsonassert-1.5.3.jar;C:\Users\СЕРГ\.m2\repository\com\vaadin\external\google\android-json\0.0.20131108.vaadin1\android-json-0.0.20131108.vaadin1.jar;C:\Users\СЕРГ\.m2\repository\org\springframework\spring-core\6.2.14\spring-core-6.2.14.jar;C:\Users\СЕРГ\.m2\repository\org\springframework\spring-jcl\6.2.14\spring-jcl-6.2.14.jar;C:\Users\СЕРГ\.m2\repository\org\springframework\spring-test\6.2.14\spring-test-6.2.14.jar;C:\Users\СЕРГ\.m2\repository\org\xmlunit\xmlunit-core\2.10.4\xmlunit-core-2.10.4.jar;C:\Users\СЕРГ\.m2\repository\org\springframework\kafka\spring-kafka-test\3.3.11\spring-kafka-test-3.3.11.jar;C:\Users\СЕРГ\.m2\repository\org\apache\zookeeper\zookeeper\3.8.5\zookeeper-3.8.5.jar;C:\Users\СЕРГ\.m2\repository\org\apache\zookeeper\zookeeper-jute\3.8.5\zookeeper-jute-3.8.5.jar;C:\Users\СЕРГ\.m2\repository\org\apache\yetus\audience-annotations\0.12.0\audience-annotations-0.12.0.jar;C:\Users\СЕРГ\.m2\repository\io\netty\netty-handler\4.1.128.Final\netty-handler-4.1.128.Final.jar;C:\Users\СЕРГ\.m2\repository\io\netty\netty-common\4.1.128.Final\netty-common-4.1.128.Final.jar;C:\Users\СЕРГ\.m2\repository\io\netty\netty-resolver\4.1.128.Final\netty-resolver-4.1.128.Final.jar;C:\Users\СЕРГ\.m2\repository\io\netty\netty-buffer\4.1.128.Final\netty-buffer-4.1.128.Final.jar;C:\Users\СЕРГ\.m2\repository\io\netty\netty-transport\4.1.128.Final\netty-transport-4.1.128.Final.jar;C:\Users\СЕРГ\.m2\repository\io\netty\netty-transport-native-unix-common\4.1.128.Final\netty-transport-native-unix-common-4.1.128.Final.jar;C:\Users\СЕРГ\.m2\repository\io\netty\netty-codec\4.1.128.Final\netty-codec-4.1.128.Final.jar;C:\Users\СЕРГ\.m2\repository\io\netty\netty-transport-native-epoll\4.1.128.Final\netty-transport-native-epoll-4.1.128.Final.jar;C:\Users\СЕРГ\.m2\repository\io\netty\netty-transport-classes-epoll\4.1.128.Final\netty-transport-classes-epoll-4.1.128.Final.jar;C:\Users\СЕРГ\.m2\repository\ch\qos\logback\logback-core\1.5.21\logback-core-1.5.21.jar;C:\Users\СЕРГ\.m2\repository\ch\qos\logback\logback-classic\1.5.21\logback-classic-1.5.21.jar;C:\Users\СЕРГ\.m2\repository\commons-io\commons-io\2.17.0\commons-io-2.17.0.jar;C:\Users\СЕРГ\.m2\repository\org\apache\kafka\kafka-clients\3.9.1\kafka-clients-3.9.1-test.jar;C:\Users\СЕРГ\.m2\repository\org\apache\kafka\kafka-server\3.9.1\kafka-server-3.9.1.jar;C:\Users\СЕРГ\.m2\repository\org\apache\kafka\kafka-storage\3.9.1\kafka-storage-3.9.1.jar;C:\Users\СЕРГ\.m2\repository\com\github\ben-manes\caffeine\caffeine\3.2.3\caffeine-3.2.3.jar;C:\Users\СЕРГ\.m2\repository\org\jspecify\jspecify\1.0.0\jspecify-1.0.0.jar;C:\Users\СЕРГ\.m2\repository\com\google\errorprone\error_prone_annotations\2.43.0\error_prone_annotations-2.43.0.jar;C:\Users\СЕРГ\.m2\repository\org\apache\kafka\kafka-group-coordinator\3.9.1\kafka-group-coordinator-3.9.1.jar;C:\Users\СЕРГ\.m2\repository\org\apache\kafka\kafka-transaction-coordinator\3.9.1\kafka-transaction-coordinator-3.9.1.jar;C:\Users\СЕРГ\.m2\repository\org\apache\kafka\kafka-raft\3.9.1\kafka-raft-3.9.1.jar;C:\Users\СЕРГ\.m2\repository\com\yammer\metrics\metrics-core\2.2.0\metrics-core-2.2.0.jar;C:\Users\СЕРГ\.m2\repository\org\apache\kafka\kafka-metadata\3.9.1\kafka-metadata-3.9.1.jar;C:\Users\СЕРГ\.m2\repository\org\apache\kafka\kafka-server-common\3.9.1\kafka-server-common-3.9.1.jar;C:\Users\СЕРГ\.m2\repository\net\sf\jopt-simple\jopt-simple\5.0.4\jopt-simple-5.0.4.jar;C:\Users\СЕРГ\.m2\repository\org\pcollections\pcollections\4.0.1\pcollections-4.0.1.jar;C:\Users\СЕРГ\.m2\repository\org\apache\kafka\kafka-server-common\3.9.1\kafka-server-common-3.9.1-test.jar;C:\Users\СЕРГ\.m2\repository\org\apache\kafka\kafka-streams-test-utils\3.9.1\kafka-streams-test-utils-3.9.1.jar;C:\Users\СЕРГ\.m2\repository\org\apache\kafka\kafka-streams\3.9.1\kafka-streams-3.9.1.jar;C:\Users\СЕРГ\.m2\repository\org\rocksdb\rocksdbjni\7.9.2\rocksdbjni-7.9.2.jar;C:\Users\СЕРГ\.m2\repository\org\apache\kafka\kafka_2.13\3.9.1\kafka_2.13-3.9.1.jar;C:\Users\СЕРГ\.m2\repository\org\scala-lang\scala-library\2.13.15\scala-library-2.13.15.jar;C:\Users\СЕРГ\.m2\repository\org\apache\kafka\kafka-group-coordinator-api\3.9.1\kafka-group-coordinator-api-3.9.1.jar;C:\Users\СЕРГ\.m2\repository\org\apache\kafka\kafka-storage-api\3.9.1\kafka-storage-api-3.9.1.jar;C:\Users\СЕРГ\.m2\repository\org\apache\kafka\kafka-tools-api\3.9.1\kafka-tools-api-3.9.1.jar;C:\Users\СЕРГ\.m2\repository\net\sourceforge\argparse4j\argparse4j\0.7.0\argparse4j-0.7.0.jar;C:\Users\СЕРГ\.m2\repository\commons-validator\commons-validator\1.7\commons-validator-1.7.jar;C:\Users\СЕРГ\.m2\repository\commons-beanutils\commons-beanutils\1.9.4\commons-beanutils-1.9.4.jar;C:\Users\СЕРГ\.m2\repository\commons-digester\commons-digester\2.1\commons-digester-2.1.jar;C:\Users\СЕРГ\.m2\repository\commons-collections\commons-collections\3.2.2\commons-collections-3.2.2.jar;C:\Users\СЕРГ\.m2\repository\com\fasterxml\jackson\module\jackson-module-scala_2.13\2.19.4\jackson-module-scala_2.13-2.19.4.jar;C:\Users\СЕРГ\.m2\repository\com\thoughtworks\paranamer\paranamer\2.8.3\paranamer-2.8.3.jar;C:\Users\СЕРГ\.m2\repository\com\fasterxml\jackson\dataformat\jackson-dataformat-csv\2.19.4\jackson-dataformat-csv-2.19.4.jar;C:\Users\СЕРГ\.m2\repository\org\bitbucket\b_c\jose4j\0.9.4\jose4j-0.9.4.jar;C:\Users\СЕРГ\.m2\repository\org\scala-lang\modules\scala-collection-compat_2.13\2.10.0\scala-collection-compat_2.13-2.10.0.jar;C:\Users\СЕРГ\.m2\repository\org\scala-lang\modules\scala-java8-compat_2.13\1.0.2\scala-java8-compat_2.13-1.0.2.jar;C:\Users\СЕРГ\.m2\repository\org\scala-lang\scala-reflect\2.13.15\scala-reflect-2.13.15.jar;C:\Users\СЕРГ\.m2\repository\com\typesafe\scala-logging\scala-logging_2.13\3.9.5\scala-logging_2.13-3.9.5.jar;C:\Users\СЕРГ\.m2\repository\io\dropwizard\metrics\metrics-core\4.1.12.1\metrics-core-4.1.12.1.jar;C:\Users\СЕРГ\.m2\repository\commons-cli\commons-cli\1.4\commons-cli-1.4.jar;C:\Users\СЕРГ\.m2\repository\org\apache\kafka\kafka_2.13\3.9.1\kafka_2.13-3.9.1-test.jar;C:\Users\СЕРГ\.m2\repository\org\junit\jupiter\junit-jupiter-api\5.12.2\junit-jupiter-api-5.12.2.jar;C:\Users\СЕРГ\.m2\repository\org\opentest4j\opentest4j\1.3.0\opentest4j-1.3.0.jar;C:\Users\СЕРГ\.m2\repository\org\junit\platform\junit-platform-commons\1.12.2\junit-platform-commons-1.12.2.jar;C:\Users\СЕРГ\.m2\repository\org\apiguardian\apiguardian-api\1.1.2\apiguardian-api-1.1.2.jar;C:\Users\СЕРГ\.m2\repository\org\junit\platform\junit-platform-launcher\1.12.2\junit-platform-launcher-1.12.2.jar;C:\Users\СЕРГ\.m2\repository\org\junit\platform\junit-platform-engine\1.12.2\junit-platform-engine-1.12.2.jar;
2025-12-16T21:27:23.742+03:00  INFO 6068 --- [Consumer] [           main] o.a.zookeeper.server.ZooKeeperServer     : Server environment:java.library.path=C:\Program Files\Java\jdk-17\bin;C:\Windows\Sun\Java\bin;C:\Windows\system32;C:\Windows;C:\Program Files\Common Files\Oracle\Java\javapath;C:\Program Files (x86)\NVIDIA Corporation\PhysX\Common;C:\Windows\system32;C:\Windows;C:\Windows\System32\Wbem;C:\Windows\System32\WindowsPowerShell\v1.0\;C:\Program Files\MySQL\MySQL Shell 8.0\bin\;C:\Program Files\JetBrains\IntelliJ IDEA 2022.1.2\bin;;.
2025-12-16T21:27:23.743+03:00  INFO 6068 --- [Consumer] [           main] o.a.zookeeper.server.ZooKeeperServer     : Server environment:java.io.tmpdir=C:\Users\19EF~1\AppData\Local\Temp\
2025-12-16T21:27:23.743+03:00  INFO 6068 --- [Consumer] [           main] o.a.zookeeper.server.ZooKeeperServer     : Server environment:java.compiler=<NA>
2025-12-16T21:27:23.743+03:00  INFO 6068 --- [Consumer] [           main] o.a.zookeeper.server.ZooKeeperServer     : Server environment:os.name=Windows 7
2025-12-16T21:27:23.743+03:00  INFO 6068 --- [Consumer] [           main] o.a.zookeeper.server.ZooKeeperServer     : Server environment:os.arch=amd64
2025-12-16T21:27:23.743+03:00  INFO 6068 --- [Consumer] [           main] o.a.zookeeper.server.ZooKeeperServer     : Server environment:os.version=6.1
2025-12-16T21:27:23.743+03:00  INFO 6068 --- [Consumer] [           main] o.a.zookeeper.server.ZooKeeperServer     : Server environment:user.name=SERG
2025-12-16T21:27:23.743+03:00  INFO 6068 --- [Consumer] [           main] o.a.zookeeper.server.ZooKeeperServer     : Server environment:user.home=C:\Users\СЕРГ
2025-12-16T21:27:23.743+03:00  INFO 6068 --- [Consumer] [           main] o.a.zookeeper.server.ZooKeeperServer     : Server environment:user.dir=D:\OBUCH\Aston\INTENSIVE\Task__5\notifierkafkaApp\notifierkafka\Consumer
2025-12-16T21:27:23.743+03:00  INFO 6068 --- [Consumer] [           main] o.a.zookeeper.server.ZooKeeperServer     : Server environment:os.memory.free=26MB
2025-12-16T21:27:23.743+03:00  INFO 6068 --- [Consumer] [           main] o.a.zookeeper.server.ZooKeeperServer     : Server environment:os.memory.max=2048MB
2025-12-16T21:27:23.744+03:00  INFO 6068 --- [Consumer] [           main] o.a.zookeeper.server.ZooKeeperServer     : Server environment:os.memory.total=84MB
2025-12-16T21:27:23.744+03:00  INFO 6068 --- [Consumer] [           main] o.a.zookeeper.server.ZooKeeperServer     : zookeeper.enableEagerACLCheck = false
2025-12-16T21:27:23.744+03:00  INFO 6068 --- [Consumer] [           main] o.a.zookeeper.server.ZooKeeperServer     : zookeeper.digest.enabled = true
2025-12-16T21:27:23.744+03:00  INFO 6068 --- [Consumer] [           main] o.a.zookeeper.server.ZooKeeperServer     : zookeeper.closeSessionTxn.enabled = true
2025-12-16T21:27:23.744+03:00  INFO 6068 --- [Consumer] [           main] o.a.zookeeper.server.ZooKeeperServer     : zookeeper.flushDelay = 0 ms
2025-12-16T21:27:23.744+03:00  INFO 6068 --- [Consumer] [           main] o.a.zookeeper.server.ZooKeeperServer     : zookeeper.maxWriteQueuePollTime = 0 ms
2025-12-16T21:27:23.744+03:00  INFO 6068 --- [Consumer] [           main] o.a.zookeeper.server.ZooKeeperServer     : zookeeper.maxBatchSize=1000
2025-12-16T21:27:23.745+03:00  INFO 6068 --- [Consumer] [           main] o.a.zookeeper.server.ZooKeeperServer     : zookeeper.intBufferStartingSizeBytes = 1024
2025-12-16T21:27:23.748+03:00  INFO 6068 --- [Consumer] [           main] o.a.z.server.persistence.FileTxnSnapLog  : zookeeper.snapshot.trust.empty : false
2025-12-16T21:27:23.772+03:00  INFO 6068 --- [Consumer] [           main] o.a.z.server.watch.WatchManagerFactory   : Using org.apache.zookeeper.server.watch.WatchManager as watch manager
2025-12-16T21:27:23.772+03:00  INFO 6068 --- [Consumer] [           main] o.a.z.server.watch.WatchManagerFactory   : Using org.apache.zookeeper.server.watch.WatchManager as watch manager
2025-12-16T21:27:23.773+03:00  INFO 6068 --- [Consumer] [           main] org.apache.zookeeper.server.ZKDatabase   : zookeeper.snapshotSizeFactor = 0.33
2025-12-16T21:27:23.773+03:00  INFO 6068 --- [Consumer] [           main] org.apache.zookeeper.server.ZKDatabase   : zookeeper.commitLogCount=500
2025-12-16T21:27:23.777+03:00  INFO 6068 --- [Consumer] [           main] o.apache.zookeeper.server.BlueThrottle   : Weighed connection throttling is disabled
2025-12-16T21:27:23.780+03:00  INFO 6068 --- [Consumer] [           main] o.a.zookeeper.server.ZooKeeperServer     : minSessionTimeout set to 1600 ms
2025-12-16T21:27:23.780+03:00  INFO 6068 --- [Consumer] [           main] o.a.zookeeper.server.ZooKeeperServer     : maxSessionTimeout set to 16000 ms
2025-12-16T21:27:23.782+03:00  INFO 6068 --- [Consumer] [           main] o.apache.zookeeper.server.ResponseCache  : getData response cache size is initialized with value 400.
2025-12-16T21:27:23.782+03:00  INFO 6068 --- [Consumer] [           main] o.apache.zookeeper.server.ResponseCache  : getChildren response cache size is initialized with value 400.
2025-12-16T21:27:23.783+03:00  INFO 6068 --- [Consumer] [           main] o.a.z.s.u.RequestPathMetricsCollector    : zookeeper.pathStats.slotCapacity = 60
2025-12-16T21:27:23.784+03:00  INFO 6068 --- [Consumer] [           main] o.a.z.s.u.RequestPathMetricsCollector    : zookeeper.pathStats.slotDuration = 15
2025-12-16T21:27:23.784+03:00  INFO 6068 --- [Consumer] [           main] o.a.z.s.u.RequestPathMetricsCollector    : zookeeper.pathStats.maxDepth = 6
2025-12-16T21:27:23.784+03:00  INFO 6068 --- [Consumer] [           main] o.a.z.s.u.RequestPathMetricsCollector    : zookeeper.pathStats.initialDelay = 5
2025-12-16T21:27:23.784+03:00  INFO 6068 --- [Consumer] [           main] o.a.z.s.u.RequestPathMetricsCollector    : zookeeper.pathStats.delay = 5
2025-12-16T21:27:23.784+03:00  INFO 6068 --- [Consumer] [           main] o.a.z.s.u.RequestPathMetricsCollector    : zookeeper.pathStats.enabled = false
2025-12-16T21:27:23.786+03:00  INFO 6068 --- [Consumer] [           main] o.a.zookeeper.server.ZooKeeperServer     : The max bytes for all large requests are set to 104857600
2025-12-16T21:27:23.786+03:00  INFO 6068 --- [Consumer] [           main] o.a.zookeeper.server.ZooKeeperServer     : The large request threshold is set to -1
2025-12-16T21:27:23.787+03:00  INFO 6068 --- [Consumer] [           main] o.a.z.server.AuthenticationHelper        : zookeeper.enforce.auth.enabled = false
2025-12-16T21:27:23.787+03:00  INFO 6068 --- [Consumer] [           main] o.a.z.server.AuthenticationHelper        : zookeeper.enforce.auth.schemes = []
2025-12-16T21:27:23.787+03:00  INFO 6068 --- [Consumer] [           main] o.a.zookeeper.server.ZooKeeperServer     : Created server with tickTime 800 ms minSessionTimeout 1600 ms maxSessionTimeout 16000 ms clientPortListenBacklog -1 datadir C:\Users\19EF~1\AppData\Local\Temp\kafka-15626534640059921316\version-2 snapdir C:\Users\19EF~1\AppData\Local\Temp\kafka-14308924347683328222\version-2
2025-12-16T21:27:23.788+03:00  INFO 6068 --- [Consumer] [ntainer#0-0-C-1] org.apache.kafka.clients.NetworkClient   : [Consumer clientId=consumer-user-event-1, groupId=user-event] Node -1 disconnected.
2025-12-16T21:27:23.788+03:00  WARN 6068 --- [Consumer] [ntainer#0-0-C-1] org.apache.kafka.clients.NetworkClient   : [Consumer clientId=consumer-user-event-1, groupId=user-event] Connection to node -1 (localhost/127.0.0.1:9092) could not be established. Node may not be available.
2025-12-16T21:27:23.788+03:00  WARN 6068 --- [Consumer] [ntainer#0-0-C-1] org.apache.kafka.clients.NetworkClient   : [Consumer clientId=consumer-user-event-1, groupId=user-event] Bootstrap broker localhost:9092 (id: -1 rack: null) disconnected
2025-12-16T21:27:23.795+03:00  WARN 6068 --- [Consumer] [           main] o.a.zookeeper.server.ServerCnxnFactory   : maxCnxns is not configured, using default value 0.
2025-12-16T21:27:23.798+03:00  INFO 6068 --- [Consumer] [           main] o.a.z.server.NIOServerCnxnFactory        : Configuring NIO connection handler with 10s sessionless connection timeout, 1 selector thread(s), 8 worker threads, and 64 kB direct buffers.
2025-12-16T21:27:23.803+03:00  INFO 6068 --- [Consumer] [           main] o.a.z.server.NIOServerCnxnFactory        : binding to port /127.0.0.1:0
2025-12-16T21:27:23.831+03:00  INFO 6068 --- [Consumer] [           main] o.a.z.server.persistence.SnapStream      : zookeeper.snapshot.compression.method = CHECKED
2025-12-16T21:27:23.831+03:00  INFO 6068 --- [Consumer] [           main] o.a.z.server.persistence.FileTxnSnapLog  : Snapshotting: 0x0 to C:\Users\19EF~1\AppData\Local\Temp\kafka-14308924347683328222\version-2\snapshot.0
2025-12-16T21:27:23.838+03:00  INFO 6068 --- [Consumer] [           main] org.apache.zookeeper.server.ZKDatabase   : Snapshot loaded in 30 ms, highest zxid is 0x0, digest is 1371985504
2025-12-16T21:27:23.849+03:00  INFO 6068 --- [Consumer] [           main] o.a.z.server.persistence.FileTxnSnapLog  : Snapshotting: 0x0 to C:\Users\19EF~1\AppData\Local\Temp\kafka-14308924347683328222\version-2\snapshot.0
2025-12-16T21:27:23.851+03:00  INFO 6068 --- [Consumer] [           main] o.a.zookeeper.server.ZooKeeperServer     : Snapshot taken in 2 ms
2025-12-16T21:27:23.866+03:00  INFO 6068 --- [Consumer] [0 cport:52523):] o.a.z.server.PrepRequestProcessor        : PrepRequestProcessor (sid:0) started, reconfigEnabled=false
2025-12-16T21:27:23.866+03:00  INFO 6068 --- [Consumer] [           main] o.a.zookeeper.server.RequestThrottler    : zookeeper.request_throttler.shutdownTimeout = 10000 ms
2025-12-16T21:27:24.223+03:00  INFO 6068 --- [Consumer] [           main] kafka.server.KafkaConfig                 : KafkaConfig values: 
	advertised.listeners = null
	alter.config.policy.class.name = null
	alter.log.dirs.replication.quota.window.num = 11
	alter.log.dirs.replication.quota.window.size.seconds = 1
	authorizer.class.name = 
	auto.create.topics.enable = true
	auto.include.jmx.reporter = true
	auto.leader.rebalance.enable = true
	background.threads = 2
	broker.heartbeat.interval.ms = 2000
	broker.id = 0
	broker.id.generation.enable = true
	broker.rack = null
	broker.session.timeout.ms = 9000
	client.quota.callback.class = null
	compression.gzip.level = -1
	compression.lz4.level = 9
	compression.type = producer
	compression.zstd.level = 3
	connection.failed.authentication.delay.ms = 100
	connections.max.idle.ms = 600000
	connections.max.reauth.ms = 0
	control.plane.listener.name = null
	controlled.shutdown.enable = true
	controlled.shutdown.max.retries = 3
	controlled.shutdown.retry.backoff.ms = 100
	controller.listener.names = null
	controller.quorum.append.linger.ms = 25
	controller.quorum.bootstrap.servers = []
	controller.quorum.election.backoff.max.ms = 1000
	controller.quorum.election.timeout.ms = 1000
	controller.quorum.fetch.timeout.ms = 2000
	controller.quorum.request.timeout.ms = 2000
	controller.quorum.retry.backoff.ms = 20
	controller.quorum.voters = []
	controller.quota.window.num = 11
	controller.quota.window.size.seconds = 1
	controller.socket.timeout.ms = 1000
	create.topic.policy.class.name = null
	default.replication.factor = 1
	delegation.token.expiry.check.interval.ms = 3600000
	delegation.token.expiry.time.ms = 86400000
	delegation.token.master.key = null
	delegation.token.max.lifetime.ms = 604800000
	delegation.token.secret.key = null
	delete.records.purgatory.purge.interval.requests = 1
	delete.topic.enable = true
	early.start.listeners = null
	eligible.leader.replicas.enable = false
	fetch.max.bytes = 57671680
	fetch.purgatory.purge.interval.requests = 1000
	group.consumer.assignors = [org.apache.kafka.coordinator.group.assignor.UniformAssignor, org.apache.kafka.coordinator.group.assignor.RangeAssignor]
	group.consumer.heartbeat.interval.ms = 5000
	group.consumer.max.heartbeat.interval.ms = 15000
	group.consumer.max.session.timeout.ms = 60000
	group.consumer.max.size = 2147483647
	group.consumer.migration.policy = disabled
	group.consumer.min.heartbeat.interval.ms = 5000
	group.consumer.min.session.timeout.ms = 45000
	group.consumer.session.timeout.ms = 45000
	group.coordinator.append.linger.ms = 10
	group.coordinator.new.enable = false
	group.coordinator.rebalance.protocols = [classic]
	group.coordinator.threads = 1
	group.initial.rebalance.delay.ms = 0
	group.max.session.timeout.ms = 1800000
	group.max.size = 2147483647
	group.min.session.timeout.ms = 6000
	group.share.delivery.count.limit = 5
	group.share.enable = false
	group.share.heartbeat.interval.ms = 5000
	group.share.max.groups = 10
	group.share.max.heartbeat.interval.ms = 15000
	group.share.max.record.lock.duration.ms = 60000
	group.share.max.session.timeout.ms = 60000
	group.share.max.size = 200
	group.share.min.heartbeat.interval.ms = 5000
	group.share.min.record.lock.duration.ms = 15000
	group.share.min.session.timeout.ms = 45000
	group.share.partition.max.record.locks = 200
	group.share.record.lock.duration.ms = 30000
	group.share.session.timeout.ms = 45000
	initial.broker.registration.timeout.ms = 60000
	inter.broker.listener.name = null
	inter.broker.protocol.version = 3.9-IV0
	kafka.metrics.polling.interval.secs = 10
	kafka.metrics.reporters = []
	leader.imbalance.check.interval.seconds = 300
	leader.imbalance.per.broker.percentage = 10
	listener.security.protocol.map = SASL_SSL:SASL_SSL,PLAINTEXT:PLAINTEXT,SSL:SSL,SASL_PLAINTEXT:SASL_PLAINTEXT
	listeners = PLAINTEXT://localhost:0
	log.cleaner.backoff.ms = 15000
	log.cleaner.dedupe.buffer.size = 2097152
	log.cleaner.delete.retention.ms = 86400000
	log.cleaner.enable = true
	log.cleaner.io.buffer.load.factor = 0.9
	log.cleaner.io.buffer.size = 524288
	log.cleaner.io.max.bytes.per.second = 1.7976931348623157E308
	log.cleaner.max.compaction.lag.ms = 9223372036854775807
	log.cleaner.min.cleanable.ratio = 0.5
	log.cleaner.min.compaction.lag.ms = 0
	log.cleaner.threads = 1
	log.cleanup.policy = [delete]
	log.dir = C:\Users\19EF~1\AppData\Local\Temp\spring.kafka.4d93f62a-344e-450c-8a80-e2f02639179a4020086531985631784
	log.dir.failure.timeout.ms = 30000
	log.dirs = null
	log.flush.interval.messages = 9223372036854775807
	log.flush.interval.ms = null
	log.flush.offset.checkpoint.interval.ms = 60000
	log.flush.scheduler.interval.ms = 9223372036854775807
	log.flush.start.offset.checkpoint.interval.ms = 60000
	log.index.interval.bytes = 4096
	log.index.size.max.bytes = 10485760
	log.initial.task.delay.ms = 100
	log.local.retention.bytes = -2
	log.local.retention.ms = -2
	log.message.downconversion.enable = true
	log.message.format.version = 3.0-IV1
	log.message.timestamp.after.max.ms = 9223372036854775807
	log.message.timestamp.before.max.ms = 9223372036854775807
	log.message.timestamp.difference.max.ms = 9223372036854775807
	log.message.timestamp.type = CreateTime
	log.preallocate = false
	log.retention.bytes = -1
	log.retention.check.interval.ms = 300000
	log.retention.hours = 168
	log.retention.minutes = null
	log.retention.ms = null
	log.roll.hours = 168
	log.roll.jitter.hours = 0
	log.roll.jitter.ms = null
	log.roll.ms = null
	log.segment.bytes = 1073741824
	log.segment.delete.delay.ms = 1000
	max.connection.creation.rate = 2147483647
	max.connections = 2147483647
	max.connections.per.ip = 2147483647
	max.connections.per.ip.overrides = 
	max.incremental.fetch.session.cache.slots = 1000
	max.request.partition.size.limit = 2000
	message.max.bytes = 1048588
	metadata.log.dir = null
	metadata.log.max.record.bytes.between.snapshots = 20971520
	metadata.log.max.snapshot.interval.ms = 3600000
	metadata.log.segment.bytes = 1073741824
	metadata.log.segment.min.bytes = 8388608
	metadata.log.segment.ms = 604800000
	metadata.max.idle.interval.ms = 500
	metadata.max.retention.bytes = 104857600
	metadata.max.retention.ms = 604800000
	metric.reporters = []
	metrics.num.samples = 2
	metrics.recording.level = INFO
	metrics.sample.window.ms = 30000
	min.insync.replicas = 1
	node.id = 0
	num.io.threads = 8
	num.network.threads = 2
	num.partitions = 1
	num.recovery.threads.per.data.dir = 1
	num.replica.alter.log.dirs.threads = null
	num.replica.fetchers = 1
	offset.metadata.max.bytes = 4096
	offsets.commit.required.acks = -1
	offsets.commit.timeout.ms = 5000
	offsets.load.buffer.size = 5242880
	offsets.retention.check.interval.ms = 600000
	offsets.retention.minutes = 10080
	offsets.topic.compression.codec = 0
	offsets.topic.num.partitions = 5
	offsets.topic.replication.factor = 1
	offsets.topic.segment.bytes = 104857600
	password.encoder.cipher.algorithm = AES/CBC/PKCS5Padding
	password.encoder.iterations = 4096
	password.encoder.key.length = 128
	password.encoder.keyfactory.algorithm = null
	password.encoder.old.secret = null
	password.encoder.secret = null
	principal.builder.class = class org.apache.kafka.common.security.authenticator.DefaultKafkaPrincipalBuilder
	process.roles = []
	producer.id.expiration.check.interval.ms = 600000
	producer.id.expiration.ms = 86400000
	producer.purgatory.purge.interval.requests = 1000
	queued.max.request.bytes = -1
	queued.max.requests = 500
	quota.window.num = 11
	quota.window.size.seconds = 1
	remote.fetch.max.wait.ms = 500
	remote.log.index.file.cache.total.size.bytes = 1073741824
	remote.log.manager.copier.thread.pool.size = -1
	remote.log.manager.copy.max.bytes.per.second = 9223372036854775807
	remote.log.manager.copy.quota.window.num = 11
	remote.log.manager.copy.quota.window.size.seconds = 1
	remote.log.manager.expiration.thread.pool.size = -1
	remote.log.manager.fetch.max.bytes.per.second = 9223372036854775807
	remote.log.manager.fetch.quota.window.num = 11
	remote.log.manager.fetch.quota.window.size.seconds = 1
	remote.log.manager.task.interval.ms = 30000
	remote.log.manager.task.retry.backoff.max.ms = 30000
	remote.log.manager.task.retry.backoff.ms = 500
	remote.log.manager.task.retry.jitter = 0.2
	remote.log.manager.thread.pool.size = 10
	remote.log.metadata.custom.metadata.max.bytes = 128
	remote.log.metadata.manager.class.name = org.apache.kafka.server.log.remote.metadata.storage.TopicBasedRemoteLogMetadataManager
	remote.log.metadata.manager.class.path = null
	remote.log.metadata.manager.impl.prefix = rlmm.config.
	remote.log.metadata.manager.listener.name = null
	remote.log.reader.max.pending.tasks = 100
	remote.log.reader.threads = 10
	remote.log.storage.manager.class.name = null
	remote.log.storage.manager.class.path = null
	remote.log.storage.manager.impl.prefix = rsm.config.
	remote.log.storage.system.enable = false
	replica.fetch.backoff.ms = 1000
	replica.fetch.max.bytes = 1048576
	replica.fetch.min.bytes = 1
	replica.fetch.response.max.bytes = 10485760
	replica.fetch.wait.max.ms = 500
	replica.high.watermark.checkpoint.interval.ms = 9223372036854775807
	replica.lag.time.max.ms = 30000
	replica.selector.class = null
	replica.socket.receive.buffer.bytes = 65536
	replica.socket.timeout.ms = 1000
	replication.quota.window.num = 11
	replication.quota.window.size.seconds = 1
	request.timeout.ms = 30000
	reserved.broker.max.id = 1000
	sasl.client.callback.handler.class = null
	sasl.enabled.mechanisms = [GSSAPI]
	sasl.jaas.config = null
	sasl.kerberos.kinit.cmd = /usr/bin/kinit
	sasl.kerberos.min.time.before.relogin = 60000
	sasl.kerberos.principal.to.local.rules = [DEFAULT]
	sasl.kerberos.service.name = null
	sasl.kerberos.ticket.renew.jitter = 0.05
	sasl.kerberos.ticket.renew.window.factor = 0.8
	sasl.login.callback.handler.class = null
	sasl.login.class = null
	sasl.login.connect.timeout.ms = null
	sasl.login.read.timeout.ms = null
	sasl.login.refresh.buffer.seconds = 300
	sasl.login.refresh.min.period.seconds = 60
	sasl.login.refresh.window.factor = 0.8
	sasl.login.refresh.window.jitter = 0.05
	sasl.login.retry.backoff.max.ms = 10000
	sasl.login.retry.backoff.ms = 100
	sasl.mechanism.controller.protocol = GSSAPI
	sasl.mechanism.inter.broker.protocol = GSSAPI
	sasl.oauthbearer.clock.skew.seconds = 30
	sasl.oauthbearer.expected.audience = null
	sasl.oauthbearer.expected.issuer = null
	sasl.oauthbearer.jwks.endpoint.refresh.ms = 3600000
	sasl.oauthbearer.jwks.endpoint.retry.backoff.max.ms = 10000
	sasl.oauthbearer.jwks.endpoint.retry.backoff.ms = 100
	sasl.oauthbearer.jwks.endpoint.url = null
	sasl.oauthbearer.scope.claim.name = scope
	sasl.oauthbearer.sub.claim.name = sub
	sasl.oauthbearer.token.endpoint.url = null
	sasl.server.callback.handler.class = null
	sasl.server.max.receive.size = 524288
	security.inter.broker.protocol = PLAINTEXT
	security.providers = null
	server.max.startup.time.ms = 9223372036854775807
	socket.connection.setup.timeout.max.ms = 30000
	socket.connection.setup.timeout.ms = 10000
	socket.listen.backlog.size = 50
	socket.receive.buffer.bytes = 102400
	socket.request.max.bytes = 104857600
	socket.send.buffer.bytes = 102400
	ssl.allow.dn.changes = false
	ssl.allow.san.changes = false
	ssl.cipher.suites = []
	ssl.client.auth = none
	ssl.enabled.protocols = [TLSv1.2, TLSv1.3]
	ssl.endpoint.identification.algorithm = https
	ssl.engine.factory.class = null
	ssl.key.password = null
	ssl.keymanager.algorithm = SunX509
	ssl.keystore.certificate.chain = null
	ssl.keystore.key = null
	ssl.keystore.location = null
	ssl.keystore.password = null
	ssl.keystore.type = JKS
	ssl.principal.mapping.rules = DEFAULT
	ssl.protocol = TLSv1.3
	ssl.provider = null
	ssl.secure.random.implementation = null
	ssl.trustmanager.algorithm = PKIX
	ssl.truststore.certificates = null
	ssl.truststore.location = null
	ssl.truststore.password = null
	ssl.truststore.type = JKS
	telemetry.max.bytes = 1048576
	transaction.abort.timed.out.transaction.cleanup.interval.ms = 10000
	transaction.max.timeout.ms = 900000
	transaction.partition.verification.enable = true
	transaction.remove.expired.transaction.cleanup.interval.ms = 3600000
	transaction.state.log.load.buffer.size = 5242880
	transaction.state.log.min.isr = 2
	transaction.state.log.num.partitions = 50
	transaction.state.log.replication.factor = 1
	transaction.state.log.segment.bytes = 104857600
	transactional.id.expiration.ms = 604800000
	unclean.leader.election.enable = false
	unclean.leader.election.interval.ms = 300000
	unstable.api.versions.enable = true
	unstable.feature.versions.enable = true
	zookeeper.clientCnxnSocket = null
	zookeeper.connect = 127.0.0.1:52523
	zookeeper.connection.timeout.ms = 10000
	zookeeper.max.in.flight.requests = 10
	zookeeper.metadata.migration.enable = false
	zookeeper.metadata.migration.min.batch.size = 200
	zookeeper.session.timeout.ms = 18000
	zookeeper.set.acl = false
	zookeeper.ssl.cipher.suites = null
	zookeeper.ssl.client.enable = false
	zookeeper.ssl.crl.enable = false
	zookeeper.ssl.enabled.protocols = null
	zookeeper.ssl.endpoint.identification.algorithm = HTTPS
	zookeeper.ssl.keystore.location = null
	zookeeper.ssl.keystore.password = null
	zookeeper.ssl.keystore.type = null
	zookeeper.ssl.ocsp.enable = false
	zookeeper.ssl.protocol = TLSv1.2
	zookeeper.ssl.truststore.location = null
	zookeeper.ssl.truststore.password = null
	zookeeper.ssl.truststore.type = null

2025-12-16T21:27:24.292+03:00  INFO 6068 --- [Consumer] [           main] org.apache.zookeeper.common.X509Util     : Setting -D jdk.tls.rejectClientInitiatedRenegotiation=true to disable client-initiated TLS renegotiation
2025-12-16T21:27:24.471+03:00  INFO 6068 --- [Consumer] [           main] kafka.server.KafkaServer                 : starting
2025-12-16T21:27:24.472+03:00  INFO 6068 --- [Consumer] [           main] kafka.server.KafkaServer                 : Connecting to zookeeper on 127.0.0.1:52523
2025-12-16T21:27:24.659+03:00  INFO 6068 --- [Consumer] [           main] kafka.zookeeper.ZooKeeperClient          : [ZooKeeperClient Kafka server] Initializing a new session to 127.0.0.1:52523.
2025-12-16T21:27:24.667+03:00  INFO 6068 --- [Consumer] [           main] org.apache.zookeeper.ZooKeeper           : Client environment:zookeeper.version=3.8.5-19f1842d4b6ee1f82cc8b05284959b26c6ae507d, built on 2025-09-03 21:35 UTC
2025-12-16T21:27:24.667+03:00  INFO 6068 --- [Consumer] [           main] org.apache.zookeeper.ZooKeeper           : Client environment:host.name=192.168.31.40
2025-12-16T21:27:24.667+03:00  INFO 6068 --- [Consumer] [           main] org.apache.zookeeper.ZooKeeper           : Client environment:java.version=17.0.12
2025-12-16T21:27:24.667+03:00  INFO 6068 --- [Consumer] [           main] org.apache.zookeeper.ZooKeeper           : Client environment:java.vendor=Oracle Corporation
2025-12-16T21:27:24.667+03:00  INFO 6068 --- [Consumer] [           main] org.apache.zookeeper.ZooKeeper           : Client environment:java.home=C:\Program Files\Java\jdk-17
2025-12-16T21:27:24.668+03:00  INFO 6068 --- [Consumer] [           main] org.apache.zookeeper.ZooKeeper           : Client environment:java.class.path=D:\OBUCH\Aston\INTENSIVE\Task__5\notifierkafkaApp\notifierkafka\Consumer\target\test-classes;D:\OBUCH\Aston\INTENSIVE\Task__5\notifierkafkaApp\notifierkafka\Consumer\target\classes;C:\Users\СЕРГ\.m2\repository\org\springframework\boot\spring-boot-starter-mail\3.5.8\spring-boot-starter-mail-3.5.8.jar;C:\Users\СЕРГ\.m2\repository\org\springframework\boot\spring-boot-starter\3.5.8\spring-boot-starter-3.5.8.jar;C:\Users\СЕРГ\.m2\repository\org\springframework\boot\spring-boot\3.5.8\spring-boot-3.5.8.jar;C:\Users\СЕРГ\.m2\repository\org\springframework\boot\spring-boot-autoconfigure\3.5.8\spring-boot-autoconfigure-3.5.8.jar;C:\Users\СЕРГ\.m2\repository\org\springframework\boot\spring-boot-starter-logging\3.5.8\spring-boot-starter-logging-3.5.8.jar;C:\Users\СЕРГ\.m2\repository\org\apache\logging\log4j\log4j-to-slf4j\2.24.3\log4j-to-slf4j-2.24.3.jar;C:\Users\СЕРГ\.m2\repository\org\apache\logging\log4j\log4j-api\2.24.3\log4j-api-2.24.3.jar;C:\Users\СЕРГ\.m2\repository\org\slf4j\jul-to-slf4j\2.0.17\jul-to-slf4j-2.0.17.jar;C:\Users\СЕРГ\.m2\repository\jakarta\annotation\jakarta.annotation-api\2.1.1\jakarta.annotation-api-2.1.1.jar;C:\Users\СЕРГ\.m2\repository\org\yaml\snakeyaml\2.4\snakeyaml-2.4.jar;C:\Users\СЕРГ\.m2\repository\org\springframework\spring-context-support\6.2.14\spring-context-support-6.2.14.jar;C:\Users\СЕРГ\.m2\repository\org\springframework\spring-beans\6.2.14\spring-beans-6.2.14.jar;C:\Users\СЕРГ\.m2\repository\org\eclipse\angus\jakarta.mail\2.0.5\jakarta.mail-2.0.5.jar;C:\Users\СЕРГ\.m2\repository\jakarta\activation\jakarta.activation-api\2.1.4\jakarta.activation-api-2.1.4.jar;C:\Users\СЕРГ\.m2\repository\org\eclipse\angus\angus-activation\2.0.3\angus-activation-2.0.3.jar;C:\Users\СЕРГ\.m2\repository\org\springframework\boot\spring-boot-starter-validation\3.5.8\spring-boot-starter-validation-3.5.8.jar;C:\Users\СЕРГ\.m2\repository\org\apache\tomcat\embed\tomcat-embed-el\10.1.49\tomcat-embed-el-10.1.49.jar;C:\Users\СЕРГ\.m2\repository\org\hibernate\validator\hibernate-validator\8.0.3.Final\hibernate-validator-8.0.3.Final.jar;C:\Users\СЕРГ\.m2\repository\jakarta\validation\jakarta.validation-api\3.0.2\jakarta.validation-api-3.0.2.jar;C:\Users\СЕРГ\.m2\repository\org\jboss\logging\jboss-logging\3.6.1.Final\jboss-logging-3.6.1.Final.jar;C:\Users\СЕРГ\.m2\repository\com\fasterxml\classmate\1.7.1\classmate-1.7.1.jar;C:\Users\СЕРГ\.m2\repository\org\springframework\boot\spring-boot-starter-web\3.5.8\spring-boot-starter-web-3.5.8.jar;C:\Users\СЕРГ\.m2\repository\org\springframework\boot\spring-boot-starter-json\3.5.8\spring-boot-starter-json-3.5.8.jar;C:\Users\СЕРГ\.m2\repository\com\fasterxml\jackson\core\jackson-databind\2.19.4\jackson-databind-2.19.4.jar;C:\Users\СЕРГ\.m2\repository\com\fasterxml\jackson\core\jackson-annotations\2.19.4\jackson-annotations-2.19.4.jar;C:\Users\СЕРГ\.m2\repository\com\fasterxml\jackson\core\jackson-core\2.19.4\jackson-core-2.19.4.jar;C:\Users\СЕРГ\.m2\repository\com\fasterxml\jackson\datatype\jackson-datatype-jdk8\2.19.4\jackson-datatype-jdk8-2.19.4.jar;C:\Users\СЕРГ\.m2\repository\com\fasterxml\jackson\datatype\jackson-datatype-jsr310\2.19.4\jackson-datatype-jsr310-2.19.4.jar;C:\Users\СЕРГ\.m2\repository\com\fasterxml\jackson\module\jackson-module-parameter-names\2.19.4\jackson-module-parameter-names-2.19.4.jar;C:\Users\СЕРГ\.m2\repository\org\springframework\boot\spring-boot-starter-tomcat\3.5.8\spring-boot-starter-tomcat-3.5.8.jar;C:\Users\СЕРГ\.m2\repository\org\apache\tomcat\embed\tomcat-embed-core\10.1.49\tomcat-embed-core-10.1.49.jar;C:\Users\СЕРГ\.m2\repository\org\apache\tomcat\embed\tomcat-embed-websocket\10.1.49\tomcat-embed-websocket-10.1.49.jar;C:\Users\СЕРГ\.m2\repository\org\springframework\spring-web\6.2.14\spring-web-6.2.14.jar;C:\Users\СЕРГ\.m2\repository\org\springframework\spring-webmvc\6.2.14\spring-webmvc-6.2.14.jar;C:\Users\СЕРГ\.m2\repository\org\springframework\spring-aop\6.2.14\spring-aop-6.2.14.jar;C:\Users\СЕРГ\.m2\repository\org\springframework\spring-expression\6.2.14\spring-expression-6.2.14.jar;C:\Users\СЕРГ\.m2\repository\org\springframework\kafka\spring-kafka\3.3.11\spring-kafka-3.3.11.jar;C:\Users\СЕРГ\.m2\repository\org\springframework\spring-context\6.2.14\spring-context-6.2.14.jar;C:\Users\СЕРГ\.m2\repository\org\springframework\spring-messaging\6.2.14\spring-messaging-6.2.14.jar;C:\Users\СЕРГ\.m2\repository\org\springframework\spring-tx\6.2.14\spring-tx-6.2.14.jar;C:\Users\СЕРГ\.m2\repository\org\springframework\retry\spring-retry\2.0.12\spring-retry-2.0.12.jar;C:\Users\СЕРГ\.m2\repository\org\apache\kafka\kafka-clients\3.9.1\kafka-clients-3.9.1.jar;C:\Users\СЕРГ\.m2\repository\com\github\luben\zstd-jni\1.5.6-4\zstd-jni-1.5.6-4.jar;C:\Users\СЕРГ\.m2\repository\org\lz4\lz4-java\1.8.0\lz4-java-1.8.0.jar;C:\Users\СЕРГ\.m2\repository\org\xerial\snappy\snappy-java\1.1.10.5\snappy-java-1.1.10.5.jar;C:\Users\СЕРГ\.m2\repository\org\slf4j\slf4j-api\2.0.17\slf4j-api-2.0.17.jar;C:\Users\СЕРГ\.m2\repository\io\micrometer\micrometer-observation\1.15.6\micrometer-observation-1.15.6.jar;C:\Users\СЕРГ\.m2\repository\io\micrometer\micrometer-commons\1.15.6\micrometer-commons-1.15.6.jar;C:\Users\СЕРГ\.m2\repository\ru\shokhinsergey\kafkamessage\1.0-SNAPSHOT\kafkamessage-1.0-SNAPSHOT.jar;C:\Users\СЕРГ\.m2\repository\org\springframework\boot\spring-boot-starter-test\3.5.8\spring-boot-starter-test-3.5.8.jar;C:\Users\СЕРГ\.m2\repository\org\springframework\boot\spring-boot-test\3.5.8\spring-boot-test-3.5.8.jar;C:\Users\СЕРГ\.m2\repository\org\springframework\boot\spring-boot-test-autoconfigure\3.5.8\spring-boot-test-autoconfigure-3.5.8.jar;C:\Users\СЕРГ\.m2\repository\com\jayway\jsonpath\json-path\2.9.0\json-path-2.9.0.jar;C:\Users\СЕРГ\.m2\repository\jakarta\xml\bind\jakarta.xml.bind-api\4.0.4\jakarta.xml.bind-api-4.0.4.jar;C:\Users\СЕРГ\.m2\repository\net\minidev\json-smart\2.5.2\json-smart-2.5.2.jar;C:\Users\СЕРГ\.m2\repository\net\minidev\accessors-smart\2.5.2\accessors-smart-2.5.2.jar;C:\Users\СЕРГ\.m2\repository\org\ow2\asm\asm\9.7.1\asm-9.7.1.jar;C:\Users\СЕРГ\.m2\repository\org\assertj\assertj-core\3.27.6\assertj-core-3.27.6.jar;C:\Users\СЕРГ\.m2\repository\net\bytebuddy\byte-buddy\1.17.8\byte-buddy-1.17.8.jar;C:\Users\СЕРГ\.m2\repository\org\awaitility\awaitility\4.2.2\awaitility-4.2.2.jar;C:\Users\СЕРГ\.m2\repository\org\hamcrest\hamcrest\3.0\hamcrest-3.0.jar;C:\Users\СЕРГ\.m2\repository\org\junit\jupiter\junit-jupiter\5.12.2\junit-jupiter-5.12.2.jar;C:\Users\СЕРГ\.m2\repository\org\junit\jupiter\junit-jupiter-params\5.12.2\junit-jupiter-params-5.12.2.jar;C:\Users\СЕРГ\.m2\repository\org\junit\jupiter\junit-jupiter-engine\5.12.2\junit-jupiter-engine-5.12.2.jar;C:\Users\СЕРГ\.m2\repository\org\mockito\mockito-core\5.17.0\mockito-core-5.17.0.jar;C:\Users\СЕРГ\.m2\repository\net\bytebuddy\byte-buddy-agent\1.17.8\byte-buddy-agent-1.17.8.jar;C:\Users\СЕРГ\.m2\repository\org\objenesis\objenesis\3.3\objenesis-3.3.jar;C:\Users\СЕРГ\.m2\repository\org\mockito\mockito-junit-jupiter\5.17.0\mockito-junit-jupiter-5.17.0.jar;C:\Users\СЕРГ\.m2\repository\org\skyscreamer\jsonassert\1.5.3\jsonassert-1.5.3.jar;C:\Users\СЕРГ\.m2\repository\com\vaadin\external\google\android-json\0.0.20131108.vaadin1\android-json-0.0.20131108.vaadin1.jar;C:\Users\СЕРГ\.m2\repository\org\springframework\spring-core\6.2.14\spring-core-6.2.14.jar;C:\Users\СЕРГ\.m2\repository\org\springframework\spring-jcl\6.2.14\spring-jcl-6.2.14.jar;C:\Users\СЕРГ\.m2\repository\org\springframework\spring-test\6.2.14\spring-test-6.2.14.jar;C:\Users\СЕРГ\.m2\repository\org\xmlunit\xmlunit-core\2.10.4\xmlunit-core-2.10.4.jar;C:\Users\СЕРГ\.m2\repository\org\springframework\kafka\spring-kafka-test\3.3.11\spring-kafka-test-3.3.11.jar;C:\Users\СЕРГ\.m2\repository\org\apache\zookeeper\zookeeper\3.8.5\zookeeper-3.8.5.jar;C:\Users\СЕРГ\.m2\repository\org\apache\zookeeper\zookeeper-jute\3.8.5\zookeeper-jute-3.8.5.jar;C:\Users\СЕРГ\.m2\repository\org\apache\yetus\audience-annotations\0.12.0\audience-annotations-0.12.0.jar;C:\Users\СЕРГ\.m2\repository\io\netty\netty-handler\4.1.128.Final\netty-handler-4.1.128.Final.jar;C:\Users\СЕРГ\.m2\repository\io\netty\netty-common\4.1.128.Final\netty-common-4.1.128.Final.jar;C:\Users\СЕРГ\.m2\repository\io\netty\netty-resolver\4.1.128.Final\netty-resolver-4.1.128.Final.jar;C:\Users\СЕРГ\.m2\repository\io\netty\netty-buffer\4.1.128.Final\netty-buffer-4.1.128.Final.jar;C:\Users\СЕРГ\.m2\repository\io\netty\netty-transport\4.1.128.Final\netty-transport-4.1.128.Final.jar;C:\Users\СЕРГ\.m2\repository\io\netty\netty-transport-native-unix-common\4.1.128.Final\netty-transport-native-unix-common-4.1.128.Final.jar;C:\Users\СЕРГ\.m2\repository\io\netty\netty-codec\4.1.128.Final\netty-codec-4.1.128.Final.jar;C:\Users\СЕРГ\.m2\repository\io\netty\netty-transport-native-epoll\4.1.128.Final\netty-transport-native-epoll-4.1.128.Final.jar;C:\Users\СЕРГ\.m2\repository\io\netty\netty-transport-classes-epoll\4.1.128.Final\netty-transport-classes-epoll-4.1.128.Final.jar;C:\Users\СЕРГ\.m2\repository\ch\qos\logback\logback-core\1.5.21\logback-core-1.5.21.jar;C:\Users\СЕРГ\.m2\repository\ch\qos\logback\logback-classic\1.5.21\logback-classic-1.5.21.jar;C:\Users\СЕРГ\.m2\repository\commons-io\commons-io\2.17.0\commons-io-2.17.0.jar;C:\Users\СЕРГ\.m2\repository\org\apache\kafka\kafka-clients\3.9.1\kafka-clients-3.9.1-test.jar;C:\Users\СЕРГ\.m2\repository\org\apache\kafka\kafka-server\3.9.1\kafka-server-3.9.1.jar;C:\Users\СЕРГ\.m2\repository\org\apache\kafka\kafka-storage\3.9.1\kafka-storage-3.9.1.jar;C:\Users\СЕРГ\.m2\repository\com\github\ben-manes\caffeine\caffeine\3.2.3\caffeine-3.2.3.jar;C:\Users\СЕРГ\.m2\repository\org\jspecify\jspecify\1.0.0\jspecify-1.0.0.jar;C:\Users\СЕРГ\.m2\repository\com\google\errorprone\error_prone_annotations\2.43.0\error_prone_annotations-2.43.0.jar;C:\Users\СЕРГ\.m2\repository\org\apache\kafka\kafka-group-coordinator\3.9.1\kafka-group-coordinator-3.9.1.jar;C:\Users\СЕРГ\.m2\repository\org\apache\kafka\kafka-transaction-coordinator\3.9.1\kafka-transaction-coordinator-3.9.1.jar;C:\Users\СЕРГ\.m2\repository\org\apache\kafka\kafka-raft\3.9.1\kafka-raft-3.9.1.jar;C:\Users\СЕРГ\.m2\repository\com\yammer\metrics\metrics-core\2.2.0\metrics-core-2.2.0.jar;C:\Users\СЕРГ\.m2\repository\org\apache\kafka\kafka-metadata\3.9.1\kafka-metadata-3.9.1.jar;C:\Users\СЕРГ\.m2\repository\org\apache\kafka\kafka-server-common\3.9.1\kafka-server-common-3.9.1.jar;C:\Users\СЕРГ\.m2\repository\net\sf\jopt-simple\jopt-simple\5.0.4\jopt-simple-5.0.4.jar;C:\Users\СЕРГ\.m2\repository\org\pcollections\pcollections\4.0.1\pcollections-4.0.1.jar;C:\Users\СЕРГ\.m2\repository\org\apache\kafka\kafka-server-common\3.9.1\kafka-server-common-3.9.1-test.jar;C:\Users\СЕРГ\.m2\repository\org\apache\kafka\kafka-streams-test-utils\3.9.1\kafka-streams-test-utils-3.9.1.jar;C:\Users\СЕРГ\.m2\repository\org\apache\kafka\kafka-streams\3.9.1\kafka-streams-3.9.1.jar;C:\Users\СЕРГ\.m2\repository\org\rocksdb\rocksdbjni\7.9.2\rocksdbjni-7.9.2.jar;C:\Users\СЕРГ\.m2\repository\org\apache\kafka\kafka_2.13\3.9.1\kafka_2.13-3.9.1.jar;C:\Users\СЕРГ\.m2\repository\org\scala-lang\scala-library\2.13.15\scala-library-2.13.15.jar;C:\Users\СЕРГ\.m2\repository\org\apache\kafka\kafka-group-coordinator-api\3.9.1\kafka-group-coordinator-api-3.9.1.jar;C:\Users\СЕРГ\.m2\repository\org\apache\kafka\kafka-storage-api\3.9.1\kafka-storage-api-3.9.1.jar;C:\Users\СЕРГ\.m2\repository\org\apache\kafka\kafka-tools-api\3.9.1\kafka-tools-api-3.9.1.jar;C:\Users\СЕРГ\.m2\repository\net\sourceforge\argparse4j\argparse4j\0.7.0\argparse4j-0.7.0.jar;C:\Users\СЕРГ\.m2\repository\commons-validator\commons-validator\1.7\commons-validator-1.7.jar;C:\Users\СЕРГ\.m2\repository\commons-beanutils\commons-beanutils\1.9.4\commons-beanutils-1.9.4.jar;C:\Users\СЕРГ\.m2\repository\commons-digester\commons-digester\2.1\commons-digester-2.1.jar;C:\Users\СЕРГ\.m2\repository\commons-collections\commons-collections\3.2.2\commons-collections-3.2.2.jar;C:\Users\СЕРГ\.m2\repository\com\fasterxml\jackson\module\jackson-module-scala_2.13\2.19.4\jackson-module-scala_2.13-2.19.4.jar;C:\Users\СЕРГ\.m2\repository\com\thoughtworks\paranamer\paranamer\2.8.3\paranamer-2.8.3.jar;C:\Users\СЕРГ\.m2\repository\com\fasterxml\jackson\dataformat\jackson-dataformat-csv\2.19.4\jackson-dataformat-csv-2.19.4.jar;C:\Users\СЕРГ\.m2\repository\org\bitbucket\b_c\jose4j\0.9.4\jose4j-0.9.4.jar;C:\Users\СЕРГ\.m2\repository\org\scala-lang\modules\scala-collection-compat_2.13\2.10.0\scala-collection-compat_2.13-2.10.0.jar;C:\Users\СЕРГ\.m2\repository\org\scala-lang\modules\scala-java8-compat_2.13\1.0.2\scala-java8-compat_2.13-1.0.2.jar;C:\Users\СЕРГ\.m2\repository\org\scala-lang\scala-reflect\2.13.15\scala-reflect-2.13.15.jar;C:\Users\СЕРГ\.m2\repository\com\typesafe\scala-logging\scala-logging_2.13\3.9.5\scala-logging_2.13-3.9.5.jar;C:\Users\СЕРГ\.m2\repository\io\dropwizard\metrics\metrics-core\4.1.12.1\metrics-core-4.1.12.1.jar;C:\Users\СЕРГ\.m2\repository\commons-cli\commons-cli\1.4\commons-cli-1.4.jar;C:\Users\СЕРГ\.m2\repository\org\apache\kafka\kafka_2.13\3.9.1\kafka_2.13-3.9.1-test.jar;C:\Users\СЕРГ\.m2\repository\org\junit\jupiter\junit-jupiter-api\5.12.2\junit-jupiter-api-5.12.2.jar;C:\Users\СЕРГ\.m2\repository\org\opentest4j\opentest4j\1.3.0\opentest4j-1.3.0.jar;C:\Users\СЕРГ\.m2\repository\org\junit\platform\junit-platform-commons\1.12.2\junit-platform-commons-1.12.2.jar;C:\Users\СЕРГ\.m2\repository\org\apiguardian\apiguardian-api\1.1.2\apiguardian-api-1.1.2.jar;C:\Users\СЕРГ\.m2\repository\org\junit\platform\junit-platform-launcher\1.12.2\junit-platform-launcher-1.12.2.jar;C:\Users\СЕРГ\.m2\repository\org\junit\platform\junit-platform-engine\1.12.2\junit-platform-engine-1.12.2.jar;
2025-12-16T21:27:24.671+03:00  INFO 6068 --- [Consumer] [           main] org.apache.zookeeper.ZooKeeper           : Client environment:java.library.path=C:\Program Files\Java\jdk-17\bin;C:\Windows\Sun\Java\bin;C:\Windows\system32;C:\Windows;C:\Program Files\Common Files\Oracle\Java\javapath;C:\Program Files (x86)\NVIDIA Corporation\PhysX\Common;C:\Windows\system32;C:\Windows;C:\Windows\System32\Wbem;C:\Windows\System32\WindowsPowerShell\v1.0\;C:\Program Files\MySQL\MySQL Shell 8.0\bin\;C:\Program Files\JetBrains\IntelliJ IDEA 2022.1.2\bin;;.
2025-12-16T21:27:24.672+03:00  INFO 6068 --- [Consumer] [           main] org.apache.zookeeper.ZooKeeper           : Client environment:java.io.tmpdir=C:\Users\19EF~1\AppData\Local\Temp\
2025-12-16T21:27:24.672+03:00  INFO 6068 --- [Consumer] [           main] org.apache.zookeeper.ZooKeeper           : Client environment:java.compiler=<NA>
2025-12-16T21:27:24.672+03:00  INFO 6068 --- [Consumer] [           main] org.apache.zookeeper.ZooKeeper           : Client environment:os.name=Windows 7
2025-12-16T21:27:24.672+03:00  INFO 6068 --- [Consumer] [           main] org.apache.zookeeper.ZooKeeper           : Client environment:os.arch=amd64
2025-12-16T21:27:24.672+03:00  INFO 6068 --- [Consumer] [           main] org.apache.zookeeper.ZooKeeper           : Client environment:os.version=6.1
2025-12-16T21:27:24.672+03:00  INFO 6068 --- [Consumer] [           main] org.apache.zookeeper.ZooKeeper           : Client environment:user.name=SERG
2025-12-16T21:27:24.672+03:00  INFO 6068 --- [Consumer] [           main] org.apache.zookeeper.ZooKeeper           : Client environment:user.home=C:\Users\СЕРГ
2025-12-16T21:27:24.672+03:00  INFO 6068 --- [Consumer] [           main] org.apache.zookeeper.ZooKeeper           : Client environment:user.dir=D:\OBUCH\Aston\INTENSIVE\Task__5\notifierkafkaApp\notifierkafka\Consumer
2025-12-16T21:27:24.672+03:00  INFO 6068 --- [Consumer] [           main] org.apache.zookeeper.ZooKeeper           : Client environment:os.memory.free=53MB
2025-12-16T21:27:24.672+03:00  INFO 6068 --- [Consumer] [           main] org.apache.zookeeper.ZooKeeper           : Client environment:os.memory.max=2048MB
2025-12-16T21:27:24.672+03:00  INFO 6068 --- [Consumer] [           main] org.apache.zookeeper.ZooKeeper           : Client environment:os.memory.total=84MB
2025-12-16T21:27:24.677+03:00  INFO 6068 --- [Consumer] [           main] org.apache.zookeeper.ZooKeeper           : Initiating client connection, connectString=127.0.0.1:52523 sessionTimeout=18000 watcher=kafka.zookeeper.ZooKeeperClient$ZooKeeperClientWatcher$@18f8e2e0
2025-12-16T21:27:24.682+03:00  INFO 6068 --- [Consumer] [           main] org.apache.zookeeper.ClientCnxnSocket    : jute.maxbuffer value is 4194304 Bytes
2025-12-16T21:27:24.692+03:00  INFO 6068 --- [Consumer] [           main] org.apache.zookeeper.ClientCnxn          : zookeeper.request.timeout value is 0. feature enabled=false
2025-12-16T21:27:24.693+03:00  INFO 6068 --- [Consumer] [27.0.0.1:52523)] org.apache.zookeeper.ClientCnxn          : Opening socket connection to server /127.0.0.1:52523.
2025-12-16T21:27:24.695+03:00  INFO 6068 --- [Consumer] [27.0.0.1:52523)] org.apache.zookeeper.ClientCnxn          : Socket connection established, initiating session, client: /127.0.0.1:52529, server: /127.0.0.1:52523
2025-12-16T21:27:24.697+03:00  INFO 6068 --- [Consumer] [           main] kafka.zookeeper.ZooKeeperClient          : [ZooKeeperClient Kafka server] Waiting until connected.
2025-12-16T21:27:24.710+03:00  INFO 6068 --- [Consumer] [   SyncThread:0] o.a.z.server.persistence.FileTxnLog      : Creating new log file: log.1
2025-12-16T21:27:24.717+03:00  INFO 6068 --- [Consumer] [   SyncThread:0] o.a.zookeeper.audit.ZKAuditProvider      : ZooKeeper audit is disabled.
2025-12-16T21:27:24.725+03:00  INFO 6068 --- [Consumer] [27.0.0.1:52523)] org.apache.zookeeper.ClientCnxn          : Session establishment complete on server /127.0.0.1:52523, session id = 0x10000a386a80000, negotiated timeout = 16000
2025-12-16T21:27:24.740+03:00  INFO 6068 --- [Consumer] [           main] kafka.zookeeper.ZooKeeperClient          : [ZooKeeperClient Kafka server] Connected.
2025-12-16T21:27:24.940+03:00  INFO 6068 --- [Consumer] [           main] kafka.server.KafkaServer                 : Cluster ID = 9w7-b4VUR5KbeFjDIyl3cg
2025-12-16T21:27:25.033+03:00  INFO 6068 --- [Consumer] [           main] kafka.server.KafkaConfig                 : KafkaConfig values: 
	advertised.listeners = null
	alter.config.policy.class.name = null
	alter.log.dirs.replication.quota.window.num = 11
	alter.log.dirs.replication.quota.window.size.seconds = 1
	authorizer.class.name = 
	auto.create.topics.enable = true
	auto.include.jmx.reporter = true
	auto.leader.rebalance.enable = true
	background.threads = 2
	broker.heartbeat.interval.ms = 2000
	broker.id = 0
	broker.id.generation.enable = true
	broker.rack = null
	broker.session.timeout.ms = 9000
	client.quota.callback.class = null
	compression.gzip.level = -1
	compression.lz4.level = 9
	compression.type = producer
	compression.zstd.level = 3
	connection.failed.authentication.delay.ms = 100
	connections.max.idle.ms = 600000
	connections.max.reauth.ms = 0
	control.plane.listener.name = null
	controlled.shutdown.enable = true
	controlled.shutdown.max.retries = 3
	controlled.shutdown.retry.backoff.ms = 100
	controller.listener.names = null
	controller.quorum.append.linger.ms = 25
	controller.quorum.bootstrap.servers = []
	controller.quorum.election.backoff.max.ms = 1000
	controller.quorum.election.timeout.ms = 1000
	controller.quorum.fetch.timeout.ms = 2000
	controller.quorum.request.timeout.ms = 2000
	controller.quorum.retry.backoff.ms = 20
	controller.quorum.voters = []
	controller.quota.window.num = 11
	controller.quota.window.size.seconds = 1
	controller.socket.timeout.ms = 1000
	create.topic.policy.class.name = null
	default.replication.factor = 1
	delegation.token.expiry.check.interval.ms = 3600000
	delegation.token.expiry.time.ms = 86400000
	delegation.token.master.key = null
	delegation.token.max.lifetime.ms = 604800000
	delegation.token.secret.key = null
	delete.records.purgatory.purge.interval.requests = 1
	delete.topic.enable = true
	early.start.listeners = null
	eligible.leader.replicas.enable = false
	fetch.max.bytes = 57671680
	fetch.purgatory.purge.interval.requests = 1000
	group.consumer.assignors = [org.apache.kafka.coordinator.group.assignor.UniformAssignor, org.apache.kafka.coordinator.group.assignor.RangeAssignor]
	group.consumer.heartbeat.interval.ms = 5000
	group.consumer.max.heartbeat.interval.ms = 15000
	group.consumer.max.session.timeout.ms = 60000
	group.consumer.max.size = 2147483647
	group.consumer.migration.policy = disabled
	group.consumer.min.heartbeat.interval.ms = 5000
	group.consumer.min.session.timeout.ms = 45000
	group.consumer.session.timeout.ms = 45000
	group.coordinator.append.linger.ms = 10
	group.coordinator.new.enable = false
	group.coordinator.rebalance.protocols = [classic]
	group.coordinator.threads = 1
	group.initial.rebalance.delay.ms = 0
	group.max.session.timeout.ms = 1800000
	group.max.size = 2147483647
	group.min.session.timeout.ms = 6000
	group.share.delivery.count.limit = 5
	group.share.enable = false
	group.share.heartbeat.interval.ms = 5000
	group.share.max.groups = 10
	group.share.max.heartbeat.interval.ms = 15000
	group.share.max.record.lock.duration.ms = 60000
	group.share.max.session.timeout.ms = 60000
	group.share.max.size = 200
	group.share.min.heartbeat.interval.ms = 5000
	group.share.min.record.lock.duration.ms = 15000
	group.share.min.session.timeout.ms = 45000
	group.share.partition.max.record.locks = 200
	group.share.record.lock.duration.ms = 30000
	group.share.session.timeout.ms = 45000
	initial.broker.registration.timeout.ms = 60000
	inter.broker.listener.name = null
	inter.broker.protocol.version = 3.9-IV0
	kafka.metrics.polling.interval.secs = 10
	kafka.metrics.reporters = []
	leader.imbalance.check.interval.seconds = 300
	leader.imbalance.per.broker.percentage = 10
	listener.security.protocol.map = SASL_SSL:SASL_SSL,PLAINTEXT:PLAINTEXT,SSL:SSL,SASL_PLAINTEXT:SASL_PLAINTEXT
	listeners = PLAINTEXT://localhost:0
	log.cleaner.backoff.ms = 15000
	log.cleaner.dedupe.buffer.size = 2097152
	log.cleaner.delete.retention.ms = 86400000
	log.cleaner.enable = true
	log.cleaner.io.buffer.load.factor = 0.9
	log.cleaner.io.buffer.size = 524288
	log.cleaner.io.max.bytes.per.second = 1.7976931348623157E308
	log.cleaner.max.compaction.lag.ms = 9223372036854775807
	log.cleaner.min.cleanable.ratio = 0.5
	log.cleaner.min.compaction.lag.ms = 0
	log.cleaner.threads = 1
	log.cleanup.policy = [delete]
	log.dir = C:\Users\19EF~1\AppData\Local\Temp\spring.kafka.4d93f62a-344e-450c-8a80-e2f02639179a4020086531985631784
	log.dir.failure.timeout.ms = 30000
	log.dirs = null
	log.flush.interval.messages = 9223372036854775807
	log.flush.interval.ms = null
	log.flush.offset.checkpoint.interval.ms = 60000
	log.flush.scheduler.interval.ms = 9223372036854775807
	log.flush.start.offset.checkpoint.interval.ms = 60000
	log.index.interval.bytes = 4096
	log.index.size.max.bytes = 10485760
	log.initial.task.delay.ms = 100
	log.local.retention.bytes = -2
	log.local.retention.ms = -2
	log.message.downconversion.enable = true
	log.message.format.version = 3.0-IV1
	log.message.timestamp.after.max.ms = 9223372036854775807
	log.message.timestamp.before.max.ms = 9223372036854775807
	log.message.timestamp.difference.max.ms = 9223372036854775807
	log.message.timestamp.type = CreateTime
	log.preallocate = false
	log.retention.bytes = -1
	log.retention.check.interval.ms = 300000
	log.retention.hours = 168
	log.retention.minutes = null
	log.retention.ms = null
	log.roll.hours = 168
	log.roll.jitter.hours = 0
	log.roll.jitter.ms = null
	log.roll.ms = null
	log.segment.bytes = 1073741824
	log.segment.delete.delay.ms = 1000
	max.connection.creation.rate = 2147483647
	max.connections = 2147483647
	max.connections.per.ip = 2147483647
	max.connections.per.ip.overrides = 
	max.incremental.fetch.session.cache.slots = 1000
	max.request.partition.size.limit = 2000
	message.max.bytes = 1048588
	metadata.log.dir = null
	metadata.log.max.record.bytes.between.snapshots = 20971520
	metadata.log.max.snapshot.interval.ms = 3600000
	metadata.log.segment.bytes = 1073741824
	metadata.log.segment.min.bytes = 8388608
	metadata.log.segment.ms = 604800000
	metadata.max.idle.interval.ms = 500
	metadata.max.retention.bytes = 104857600
	metadata.max.retention.ms = 604800000
	metric.reporters = []
	metrics.num.samples = 2
	metrics.recording.level = INFO
	metrics.sample.window.ms = 30000
	min.insync.replicas = 1
	node.id = 0
	num.io.threads = 8
	num.network.threads = 2
	num.partitions = 1
	num.recovery.threads.per.data.dir = 1
	num.replica.alter.log.dirs.threads = null
	num.replica.fetchers = 1
	offset.metadata.max.bytes = 4096
	offsets.commit.required.acks = -1
	offsets.commit.timeout.ms = 5000
	offsets.load.buffer.size = 5242880
	offsets.retention.check.interval.ms = 600000
	offsets.retention.minutes = 10080
	offsets.topic.compression.codec = 0
	offsets.topic.num.partitions = 5
	offsets.topic.replication.factor = 1
	offsets.topic.segment.bytes = 104857600
	password.encoder.cipher.algorithm = AES/CBC/PKCS5Padding
	password.encoder.iterations = 4096
	password.encoder.key.length = 128
	password.encoder.keyfactory.algorithm = null
	password.encoder.old.secret = null
	password.encoder.secret = null
	principal.builder.class = class org.apache.kafka.common.security.authenticator.DefaultKafkaPrincipalBuilder
	process.roles = []
	producer.id.expiration.check.interval.ms = 600000
	producer.id.expiration.ms = 86400000
	producer.purgatory.purge.interval.requests = 1000
	queued.max.request.bytes = -1
	queued.max.requests = 500
	quota.window.num = 11
	quota.window.size.seconds = 1
	remote.fetch.max.wait.ms = 500
	remote.log.index.file.cache.total.size.bytes = 1073741824
	remote.log.manager.copier.thread.pool.size = -1
	remote.log.manager.copy.max.bytes.per.second = 9223372036854775807
	remote.log.manager.copy.quota.window.num = 11
	remote.log.manager.copy.quota.window.size.seconds = 1
	remote.log.manager.expiration.thread.pool.size = -1
	remote.log.manager.fetch.max.bytes.per.second = 9223372036854775807
	remote.log.manager.fetch.quota.window.num = 11
	remote.log.manager.fetch.quota.window.size.seconds = 1
	remote.log.manager.task.interval.ms = 30000
	remote.log.manager.task.retry.backoff.max.ms = 30000
	remote.log.manager.task.retry.backoff.ms = 500
	remote.log.manager.task.retry.jitter = 0.2
	remote.log.manager.thread.pool.size = 10
	remote.log.metadata.custom.metadata.max.bytes = 128
	remote.log.metadata.manager.class.name = org.apache.kafka.server.log.remote.metadata.storage.TopicBasedRemoteLogMetadataManager
	remote.log.metadata.manager.class.path = null
	remote.log.metadata.manager.impl.prefix = rlmm.config.
	remote.log.metadata.manager.listener.name = null
	remote.log.reader.max.pending.tasks = 100
	remote.log.reader.threads = 10
	remote.log.storage.manager.class.name = null
	remote.log.storage.manager.class.path = null
	remote.log.storage.manager.impl.prefix = rsm.config.
	remote.log.storage.system.enable = false
	replica.fetch.backoff.ms = 1000
	replica.fetch.max.bytes = 1048576
	replica.fetch.min.bytes = 1
	replica.fetch.response.max.bytes = 10485760
	replica.fetch.wait.max.ms = 500
	replica.high.watermark.checkpoint.interval.ms = 9223372036854775807
	replica.lag.time.max.ms = 30000
	replica.selector.class = null
	replica.socket.receive.buffer.bytes = 65536
	replica.socket.timeout.ms = 1000
	replication.quota.window.num = 11
	replication.quota.window.size.seconds = 1
	request.timeout.ms = 30000
	reserved.broker.max.id = 1000
	sasl.client.callback.handler.class = null
	sasl.enabled.mechanisms = [GSSAPI]
	sasl.jaas.config = null
	sasl.kerberos.kinit.cmd = /usr/bin/kinit
	sasl.kerberos.min.time.before.relogin = 60000
	sasl.kerberos.principal.to.local.rules = [DEFAULT]
	sasl.kerberos.service.name = null
	sasl.kerberos.ticket.renew.jitter = 0.05
	sasl.kerberos.ticket.renew.window.factor = 0.8
	sasl.login.callback.handler.class = null
	sasl.login.class = null
	sasl.login.connect.timeout.ms = null
	sasl.login.read.timeout.ms = null
	sasl.login.refresh.buffer.seconds = 300
	sasl.login.refresh.min.period.seconds = 60
	sasl.login.refresh.window.factor = 0.8
	sasl.login.refresh.window.jitter = 0.05
	sasl.login.retry.backoff.max.ms = 10000
	sasl.login.retry.backoff.ms = 100
	sasl.mechanism.controller.protocol = GSSAPI
	sasl.mechanism.inter.broker.protocol = GSSAPI
	sasl.oauthbearer.clock.skew.seconds = 30
	sasl.oauthbearer.expected.audience = null
	sasl.oauthbearer.expected.issuer = null
	sasl.oauthbearer.jwks.endpoint.refresh.ms = 3600000
	sasl.oauthbearer.jwks.endpoint.retry.backoff.max.ms = 10000
	sasl.oauthbearer.jwks.endpoint.retry.backoff.ms = 100
	sasl.oauthbearer.jwks.endpoint.url = null
	sasl.oauthbearer.scope.claim.name = scope
	sasl.oauthbearer.sub.claim.name = sub
	sasl.oauthbearer.token.endpoint.url = null
	sasl.server.callback.handler.class = null
	sasl.server.max.receive.size = 524288
	security.inter.broker.protocol = PLAINTEXT
	security.providers = null
	server.max.startup.time.ms = 9223372036854775807
	socket.connection.setup.timeout.max.ms = 30000
	socket.connection.setup.timeout.ms = 10000
	socket.listen.backlog.size = 50
	socket.receive.buffer.bytes = 102400
	socket.request.max.bytes = 104857600
	socket.send.buffer.bytes = 102400
	ssl.allow.dn.changes = false
	ssl.allow.san.changes = false
	ssl.cipher.suites = []
	ssl.client.auth = none
	ssl.enabled.protocols = [TLSv1.2, TLSv1.3]
	ssl.endpoint.identification.algorithm = https
	ssl.engine.factory.class = null
	ssl.key.password = null
	ssl.keymanager.algorithm = SunX509
	ssl.keystore.certificate.chain = null
	ssl.keystore.key = null
	ssl.keystore.location = null
	ssl.keystore.password = null
	ssl.keystore.type = JKS
	ssl.principal.mapping.rules = DEFAULT
	ssl.protocol = TLSv1.3
	ssl.provider = null
	ssl.secure.random.implementation = null
	ssl.trustmanager.algorithm = PKIX
	ssl.truststore.certificates = null
	ssl.truststore.location = null
	ssl.truststore.password = null
	ssl.truststore.type = JKS
	telemetry.max.bytes = 1048576
	transaction.abort.timed.out.transaction.cleanup.interval.ms = 10000
	transaction.max.timeout.ms = 900000
	transaction.partition.verification.enable = true
	transaction.remove.expired.transaction.cleanup.interval.ms = 3600000
	transaction.state.log.load.buffer.size = 5242880
	transaction.state.log.min.isr = 2
	transaction.state.log.num.partitions = 50
	transaction.state.log.replication.factor = 1
	transaction.state.log.segment.bytes = 104857600
	transactional.id.expiration.ms = 604800000
	unclean.leader.election.enable = false
	unclean.leader.election.interval.ms = 300000
	unstable.api.versions.enable = true
	unstable.feature.versions.enable = true
	zookeeper.clientCnxnSocket = null
	zookeeper.connect = 127.0.0.1:52523
	zookeeper.connection.timeout.ms = 10000
	zookeeper.max.in.flight.requests = 10
	zookeeper.metadata.migration.enable = false
	zookeeper.metadata.migration.min.batch.size = 200
	zookeeper.session.timeout.ms = 18000
	zookeeper.set.acl = false
	zookeeper.ssl.cipher.suites = null
	zookeeper.ssl.client.enable = false
	zookeeper.ssl.crl.enable = false
	zookeeper.ssl.enabled.protocols = null
	zookeeper.ssl.endpoint.identification.algorithm = HTTPS
	zookeeper.ssl.keystore.location = null
	zookeeper.ssl.keystore.password = null
	zookeeper.ssl.keystore.type = null
	zookeeper.ssl.ocsp.enable = false
	zookeeper.ssl.protocol = TLSv1.2
	zookeeper.ssl.truststore.location = null
	zookeeper.ssl.truststore.password = null
	zookeeper.ssl.truststore.type = null

2025-12-16T21:27:25.067+03:00  INFO 6068 --- [Consumer] [ntainer#0-0-C-1] org.apache.kafka.clients.NetworkClient   : [Consumer clientId=consumer-user-event-1, groupId=user-event] Node -1 disconnected.
2025-12-16T21:27:25.068+03:00  WARN 6068 --- [Consumer] [ntainer#0-0-C-1] org.apache.kafka.clients.NetworkClient   : [Consumer clientId=consumer-user-event-1, groupId=user-event] Connection to node -1 (localhost/127.0.0.1:9092) could not be established. Node may not be available.
2025-12-16T21:27:25.068+03:00  WARN 6068 --- [Consumer] [ntainer#0-0-C-1] org.apache.kafka.clients.NetworkClient   : [Consumer clientId=consumer-user-event-1, groupId=user-event] Bootstrap broker localhost:9092 (id: -1 rack: null) disconnected
2025-12-16T21:27:25.083+03:00  INFO 6068 --- [Consumer] [nelReaper-Fetch] lientQuotaManager$ThrottledChannelReaper : [ThrottledChannelReaper-Fetch]: Starting
2025-12-16T21:27:25.085+03:00  INFO 6068 --- [Consumer] [lReaper-Produce] lientQuotaManager$ThrottledChannelReaper : [ThrottledChannelReaper-Produce]: Starting
2025-12-16T21:27:25.086+03:00  INFO 6068 --- [Consumer] [lReaper-Request] lientQuotaManager$ThrottledChannelReaper : [ThrottledChannelReaper-Request]: Starting
2025-12-16T21:27:25.089+03:00  INFO 6068 --- [Consumer] [trollerMutation] lientQuotaManager$ThrottledChannelReaper : [ThrottledChannelReaper-ControllerMutation]: Starting
2025-12-16T21:27:25.100+03:00  INFO 6068 --- [Consumer] [           main] kafka.server.KafkaServer                 : [KafkaServer id=0] Rewriting C:\Users\19EF~1\AppData\Local\Temp\spring.kafka.4d93f62a-344e-450c-8a80-e2f02639179a4020086531985631784\meta.properties
2025-12-16T21:27:25.164+03:00  INFO 6068 --- [Consumer] [           main] kafka.log.LogManager                     : Loading logs from log dirs ArrayBuffer(C:\Users\19EF~1\AppData\Local\Temp\spring.kafka.4d93f62a-344e-450c-8a80-e2f02639179a4020086531985631784)
2025-12-16T21:27:25.173+03:00  INFO 6068 --- [Consumer] [           main] kafka.log.LogManager                     : No logs found to be loaded in C:\Users\19EF~1\AppData\Local\Temp\spring.kafka.4d93f62a-344e-450c-8a80-e2f02639179a4020086531985631784
2025-12-16T21:27:25.190+03:00  INFO 6068 --- [Consumer] [           main] kafka.log.LogManager                     : Loaded 0 logs in 24ms
2025-12-16T21:27:25.192+03:00  INFO 6068 --- [Consumer] [           main] kafka.log.LogManager                     : Starting log cleanup with a period of 300000 ms.
2025-12-16T21:27:25.194+03:00  INFO 6068 --- [Consumer] [           main] kafka.log.LogManager                     : Starting log flusher with a default period of 9223372036854775807 ms.
2025-12-16T21:27:25.216+03:00  INFO 6068 --- [Consumer] [           main] kafka.log.LogCleaner                     : Starting the log cleaner
2025-12-16T21:27:25.231+03:00  INFO 6068 --- [Consumer] [leaner-thread-0] kafka.log.LogCleaner$CleanerThread       : [kafka-log-cleaner-thread-0]: Starting
2025-12-16T21:27:25.328+03:00  INFO 6068 --- [Consumer] [-process-thread] stener$ChangeNotificationProcessorThread : [feature-zk-node-event-process-thread]: Starting
2025-12-16T21:27:25.368+03:00  INFO 6068 --- [Consumer] [-process-thread] k.server.FinalizedFeatureChangeListener  : Feature ZK node at path: /feature does not exist
2025-12-16T21:27:25.384+03:00  INFO 6068 --- [Consumer] [channel-manager] k.server.NodeToControllerRequestThread   : [zk-broker-0-to-controller-forwarding-channel-manager]: Starting
2025-12-16T21:27:25.620+03:00  INFO 6068 --- [Consumer] [           main] kafka.network.ConnectionQuotas           : Updated connection-accept-rate max connection creation rate to 2147483647
2025-12-16T21:27:25.627+03:00  INFO 6068 --- [Consumer] [           main] kafka.network.DataPlaneAcceptor          : Awaiting socket connections on localhost:52535.
2025-12-16T21:27:25.628+03:00  INFO 6068 --- [Consumer] [           main] kafka.network.DataPlaneAcceptor          : Opened wildcard endpoint localhost:52535
2025-12-16T21:27:25.669+03:00  INFO 6068 --- [Consumer] [           main] kafka.network.SocketServer               : [SocketServer listenerType=ZK_BROKER, nodeId=0] Created data-plane acceptor and processors for endpoint : ListenerName(PLAINTEXT)
[...]
2025-12-16T21:27:28.659+03:00  INFO 6068 --- [Consumer] [quest-handler-7] state.change.logger                      : [Broker id=0] Stopped fetchers as part of LeaderAndIsr request correlationId 3 from controller 0 epoch 1 as part of the become-leader transition for 5 partitions
2025-12-16T21:27:28.702+03:00  INFO 6068 --- [Consumer] [quest-handler-7] kafka.log.UnifiedLog$                    : [LogLoader partition=__consumer_offsets-3, dir=C:\Users\19EF~1\AppData\Local\Temp\spring.kafka.4d93f62a-344e-450c-8a80-e2f02639179a4020086531985631784] Loading producer state till offset 0 with message format version 2
2025-12-16T21:27:28.704+03:00  INFO 6068 --- [Consumer] [quest-handler-7] kafka.log.LogManager                     : Created log for partition __consumer_offsets-3 in C:\Users\19EF~1\AppData\Local\Temp\spring.kafka.4d93f62a-344e-450c-8a80-e2f02639179a4020086531985631784\__consumer_offsets-3 with properties {cleanup.policy=compact, compression.type="producer", segment.bytes=104857600}
2025-12-16T21:27:28.706+03:00  INFO 6068 --- [Consumer] [quest-handler-7] kafka.cluster.Partition                  : [Partition __consumer_offsets-3 broker=0] No checkpointed highwatermark is found for partition __consumer_offsets-3
2025-12-16T21:27:28.706+03:00  INFO 6068 --- [Consumer] [quest-handler-7] kafka.cluster.Partition                  : [Partition __consumer_offsets-3 broker=0] Log loaded for partition __consumer_offsets-3 with initial high watermark 0
2025-12-16T21:27:28.707+03:00  INFO 6068 --- [Consumer] [quest-handler-7] state.change.logger                      : [Broker id=0] Leader __consumer_offsets-3 with topic id Some(TKqnHC_gQ1-xm6SnOzQW4g) starts at leader epoch 0 from offset 0 with partition epoch 0, high watermark 0, ISR [0], adding replicas [] and removing replicas [] . Previous leader None and previous leader epoch was -1.
2025-12-16T21:27:28.742+03:00  INFO 6068 --- [Consumer] [quest-handler-7] kafka.log.UnifiedLog$                    : [LogLoader partition=__consumer_offsets-2, dir=C:\Users\19EF~1\AppData\Local\Temp\spring.kafka.4d93f62a-344e-450c-8a80-e2f02639179a4020086531985631784] Loading producer state till offset 0 with message format version 2
2025-12-16T21:27:28.754+03:00  INFO 6068 --- [Consumer] [quest-handler-7] kafka.log.LogManager                     : Created log for partition __consumer_offsets-2 in C:\Users\19EF~1\AppData\Local\Temp\spring.kafka.4d93f62a-344e-450c-8a80-e2f02639179a4020086531985631784\__consumer_offsets-2 with properties {cleanup.policy=compact, compression.type="producer", segment.bytes=104857600}
2025-12-16T21:27:28.755+03:00  INFO 6068 --- [Consumer] [quest-handler-7] kafka.cluster.Partition                  : [Partition __consumer_offsets-2 broker=0] No checkpointed highwatermark is found for partition __consumer_offsets-2
2025-12-16T21:27:28.756+03:00  INFO 6068 --- [Consumer] [quest-handler-7] kafka.cluster.Partition                  : [Partition __consumer_offsets-2 broker=0] Log loaded for partition __consumer_offsets-2 with initial high watermark 0
2025-12-16T21:27:28.756+03:00  INFO 6068 --- [Consumer] [quest-handler-7] state.change.logger                      : [Broker id=0] Leader __consumer_offsets-2 with topic id Some(TKqnHC_gQ1-xm6SnOzQW4g) starts at leader epoch 0 from offset 0 with partition epoch 0, high watermark 0, ISR [0], adding replicas [] and removing replicas [] . Previous leader None and previous leader epoch was -1.
2025-12-16T21:27:28.773+03:00  INFO 6068 --- [Consumer] [           main] o.a.kafka.common.utils.AppInfoParser     : Kafka version: 3.9.1
2025-12-16T21:27:28.773+03:00  INFO 6068 --- [Consumer] [           main] o.a.kafka.common.utils.AppInfoParser     : Kafka commitId: f745dfdcee2b9851
2025-12-16T21:27:28.773+03:00  INFO 6068 --- [Consumer] [           main] o.a.kafka.common.utils.AppInfoParser     : Kafka startTimeMs: 1765909648772
2025-12-16T21:27:28.796+03:00  INFO 6068 --- [Consumer] [quest-handler-7] kafka.log.UnifiedLog$                    : [LogLoader partition=__consumer_offsets-4, dir=C:\Users\19EF~1\AppData\Local\Temp\spring.kafka.4d93f62a-344e-450c-8a80-e2f02639179a4020086531985631784] Loading producer state till offset 0 with message format version 2
2025-12-16T21:27:28.797+03:00  INFO 6068 --- [Consumer] [quest-handler-7] kafka.log.LogManager                     : Created log for partition __consumer_offsets-4 in C:\Users\19EF~1\AppData\Local\Temp\spring.kafka.4d93f62a-344e-450c-8a80-e2f02639179a4020086531985631784\__consumer_offsets-4 with properties {cleanup.policy=compact, compression.type="producer", segment.bytes=104857600}
2025-12-16T21:27:28.798+03:00  INFO 6068 --- [Consumer] [quest-handler-7] kafka.cluster.Partition                  : [Partition __consumer_offsets-4 broker=0] No checkpointed highwatermark is found for partition __consumer_offsets-4
2025-12-16T21:27:28.798+03:00  INFO 6068 --- [Consumer] [quest-handler-7] kafka.cluster.Partition                  : [Partition __consumer_offsets-4 broker=0] Log loaded for partition __consumer_offsets-4 with initial high watermark 0
2025-12-16T21:27:28.801+03:00  INFO 6068 --- [Consumer] [quest-handler-7] state.change.logger                      : [Broker id=0] Leader __consumer_offsets-4 with topic id Some(TKqnHC_gQ1-xm6SnOzQW4g) starts at leader epoch 0 from offset 0 with partition epoch 0, high watermark 0, ISR [0], adding replicas [] and removing replicas [] . Previous leader None and previous leader epoch was -1.
2025-12-16T21:27:28.840+03:00  INFO 6068 --- [Consumer] [ad | producer-1] org.apache.kafka.clients.Metadata        : [Producer clientId=producer-1] Cluster ID: 9w7-b4VUR5KbeFjDIyl3cg
2025-12-16T21:27:28.871+03:00  INFO 6068 --- [Consumer] [quest-handler-7] kafka.log.UnifiedLog$                    : [LogLoader partition=__consumer_offsets-1, dir=C:\Users\19EF~1\AppData\Local\Temp\spring.kafka.4d93f62a-344e-450c-8a80-e2f02639179a4020086531985631784] Loading producer state till offset 0 with message format version 2
2025-12-16T21:27:28.875+03:00  INFO 6068 --- [Consumer] [quest-handler-7] kafka.log.LogManager                     : Created log for partition __consumer_offsets-1 in C:\Users\19EF~1\AppData\Local\Temp\spring.kafka.4d93f62a-344e-450c-8a80-e2f02639179a4020086531985631784\__consumer_offsets-1 with properties {cleanup.policy=compact, compression.type="producer", segment.bytes=104857600}
2025-12-16T21:27:28.875+03:00  INFO 6068 --- [Consumer] [quest-handler-7] kafka.cluster.Partition                  : [Partition __consumer_offsets-1 broker=0] No checkpointed highwatermark is found for partition __consumer_offsets-1
2025-12-16T21:27:28.875+03:00  INFO 6068 --- [Consumer] [quest-handler-7] kafka.cluster.Partition                  : [Partition __consumer_offsets-1 broker=0] Log loaded for partition __consumer_offsets-1 with initial high watermark 0
2025-12-16T21:27:28.876+03:00  INFO 6068 --- [Consumer] [quest-handler-7] state.change.logger                      : [Broker id=0] Leader __consumer_offsets-1 with topic id Some(TKqnHC_gQ1-xm6SnOzQW4g) starts at leader epoch 0 from offset 0 with partition epoch 0, high watermark 0, ISR [0], adding replicas [] and removing replicas [] . Previous leader None and previous leader epoch was -1.
2025-12-16T21:27:28.944+03:00  INFO 6068 --- [Consumer] [quest-handler-7] kafka.log.UnifiedLog$                    : [LogLoader partition=__consumer_offsets-0, dir=C:\Users\19EF~1\AppData\Local\Temp\spring.kafka.4d93f62a-344e-450c-8a80-e2f02639179a4020086531985631784] Loading producer state till offset 0 with message format version 2
2025-12-16T21:27:28.946+03:00  INFO 6068 --- [Consumer] [quest-handler-7] kafka.log.LogManager                     : Created log for partition __consumer_offsets-0 in C:\Users\19EF~1\AppData\Local\Temp\spring.kafka.4d93f62a-344e-450c-8a80-e2f02639179a4020086531985631784\__consumer_offsets-0 with properties {cleanup.policy=compact, compression.type="producer", segment.bytes=104857600}
2025-12-16T21:27:28.947+03:00  INFO 6068 --- [Consumer] [quest-handler-7] kafka.cluster.Partition                  : [Partition __consumer_offsets-0 broker=0] No checkpointed highwatermark is found for partition __consumer_offsets-0
2025-12-16T21:27:28.947+03:00  INFO 6068 --- [Consumer] [quest-handler-7] kafka.cluster.Partition                  : [Partition __consumer_offsets-0 broker=0] Log loaded for partition __consumer_offsets-0 with initial high watermark 0
2025-12-16T21:27:28.947+03:00  INFO 6068 --- [Consumer] [quest-handler-7] state.change.logger                      : [Broker id=0] Leader __consumer_offsets-0 with topic id Some(TKqnHC_gQ1-xm6SnOzQW4g) starts at leader epoch 0 from offset 0 with partition epoch 0, high watermark 0, ISR [0], adding replicas [] and removing replicas [] . Previous leader None and previous leader epoch was -1.
2025-12-16T21:27:28.974+03:00  INFO 6068 --- [Consumer] [quest-handler-7] k.coordinator.group.GroupCoordinator     : [GroupCoordinator 0]: Elected as the group coordinator for partition 3 in epoch 0
2025-12-16T21:27:28.976+03:00  INFO 6068 --- [Consumer] [quest-handler-7] k.c.group.GroupMetadataManager           : [GroupMetadataManager brokerId=0] Scheduling loading of offsets and group metadata from __consumer_offsets-3 for epoch 0
2025-12-16T21:27:28.979+03:00  INFO 6068 --- [Consumer] [quest-handler-7] k.coordinator.group.GroupCoordinator     : [GroupCoordinator 0]: Elected as the group coordinator for partition 2 in epoch 0
2025-12-16T21:27:28.980+03:00  INFO 6068 --- [Consumer] [quest-handler-7] k.c.group.GroupMetadataManager           : [GroupMetadataManager brokerId=0] Scheduling loading of offsets and group metadata from __consumer_offsets-2 for epoch 0
2025-12-16T21:27:28.982+03:00  INFO 6068 --- [Consumer] [quest-handler-7] k.coordinator.group.GroupCoordinator     : [GroupCoordinator 0]: Elected as the group coordinator for partition 4 in epoch 0
2025-12-16T21:27:28.982+03:00  INFO 6068 --- [Consumer] [quest-handler-7] k.c.group.GroupMetadataManager           : [GroupMetadataManager brokerId=0] Scheduling loading of offsets and group metadata from __consumer_offsets-4 for epoch 0
2025-12-16T21:27:28.982+03:00  INFO 6068 --- [Consumer] [quest-handler-7] k.coordinator.group.GroupCoordinator     : [GroupCoordinator 0]: Elected as the group coordinator for partition 1 in epoch 0
2025-12-16T21:27:28.982+03:00  INFO 6068 --- [Consumer] [quest-handler-7] k.c.group.GroupMetadataManager           : [GroupMetadataManager brokerId=0] Scheduling loading of offsets and group metadata from __consumer_offsets-1 for epoch 0
2025-12-16T21:27:28.982+03:00  INFO 6068 --- [Consumer] [quest-handler-7] k.coordinator.group.GroupCoordinator     : [GroupCoordinator 0]: Elected as the group coordinator for partition 0 in epoch 0
2025-12-16T21:27:28.982+03:00  INFO 6068 --- [Consumer] [quest-handler-7] k.c.group.GroupMetadataManager           : [GroupMetadataManager brokerId=0] Scheduling loading of offsets and group metadata from __consumer_offsets-0 for epoch 0
2025-12-16T21:27:28.983+03:00  INFO 6068 --- [Consumer] [quest-handler-7] state.change.logger                      : [Broker id=0] Finished LeaderAndIsr request in 333ms correlationId 3 from controller 0 for 5 partitions
2025-12-16T21:27:28.996+03:00  INFO 6068 --- [Consumer] [adata-manager-0] k.c.group.GroupMetadataManager           : [GroupMetadataManager brokerId=0] Finished loading offsets and group metadata from __consumer_offsets-3 in 17 milliseconds for epoch 0, of which 5 milliseconds was spent in the scheduler.
2025-12-16T21:27:28.997+03:00  INFO 6068 --- [Consumer] [adata-manager-0] k.c.group.GroupMetadataManager           : [GroupMetadataManager brokerId=0] Finished loading offsets and group metadata from __consumer_offsets-2 in 17 milliseconds for epoch 0, of which 17 milliseconds was spent in the scheduler.
2025-12-16T21:27:28.998+03:00  INFO 6068 --- [Consumer] [adata-manager-0] k.c.group.GroupMetadataManager           : [GroupMetadataManager brokerId=0] Finished loading offsets and group metadata from __consumer_offsets-4 in 16 milliseconds for epoch 0, of which 16 milliseconds was spent in the scheduler.
2025-12-16T21:27:28.998+03:00  INFO 6068 --- [Consumer] [adata-manager-0] k.c.group.GroupMetadataManager           : [GroupMetadataManager brokerId=0] Finished loading offsets and group metadata from __consumer_offsets-1 in 16 milliseconds for epoch 0, of which 16 milliseconds was spent in the scheduler.
2025-12-16T21:27:28.998+03:00  INFO 6068 --- [Consumer] [adata-manager-0] k.c.group.GroupMetadataManager           : [GroupMetadataManager brokerId=0] Finished loading offsets and group metadata from __consumer_offsets-0 in 15 milliseconds for epoch 0, of which 15 milliseconds was spent in the scheduler.
2025-12-16T21:27:29.034+03:00  INFO 6068 --- [Consumer] [quest-handler-1] state.change.logger                      : [Broker id=0] Add 5 partitions and deleted 0 partitions from metadata cache in response to UpdateMetadata request sent by controller 0 epoch 1 with correlation id 4
2025-12-16T21:27:29.065+03:00  INFO 6068 --- [Consumer] [ntainer#0-0-C-1] o.a.k.c.c.internals.ConsumerCoordinator  : [Consumer clientId=consumer-user-event-2, groupId=user-event] Discovered group coordinator localhost:52535 (id: 2147483647 rack: null)
2025-12-16T21:27:29.075+03:00  INFO 6068 --- [Consumer] [ntainer#0-0-C-1] o.a.k.c.c.internals.ConsumerCoordinator  : [Consumer clientId=consumer-user-event-2, groupId=user-event] (Re-)joining group
2025-12-16T21:27:29.136+03:00  INFO 6068 --- [Consumer] [er-event-thread] kafka.controller.KafkaController         : [Controller id=0] Acquired new producerId block ProducerIdsBlock(assignedBrokerId=0, firstProducerId=0, size=1000) by writing to Zk with path version 1
2025-12-16T21:27:29.178+03:00  INFO 6068 --- [Consumer] [quest-handler-7] k.coordinator.group.GroupCoordinator     : [GroupCoordinator 0]: Dynamic member with unknown member id joins group user-event in Empty state. Created a new member id consumer-user-event-2-4039a3b7-4f46-42c7-99ab-4205bfd7860e and request the member to rejoin with this id.
2025-12-16T21:27:29.191+03:00  INFO 6068 --- [Consumer] [ntainer#0-0-C-1] o.a.k.c.c.internals.ConsumerCoordinator  : [Consumer clientId=consumer-user-event-2, groupId=user-event] Request joining group due to: need to re-join with the given member-id: consumer-user-event-2-4039a3b7-4f46-42c7-99ab-4205bfd7860e
2025-12-16T21:27:29.192+03:00  INFO 6068 --- [Consumer] [ntainer#0-0-C-1] o.a.k.c.c.internals.ConsumerCoordinator  : [Consumer clientId=consumer-user-event-2, groupId=user-event] (Re-)joining group
2025-12-16T21:27:29.203+03:00  INFO 6068 --- [Consumer] [ad | producer-1] o.a.k.c.p.internals.TransactionManager   : [Producer clientId=producer-1] ProducerId set to 0 with epoch 0
2025-12-16T21:27:29.237+03:00  INFO 6068 --- [Consumer] [quest-handler-1] k.coordinator.group.GroupCoordinator     : [GroupCoordinator 0]: Preparing to rebalance group user-event in state PreparingRebalance with old generation 0 (__consumer_offsets-4) (reason: Adding new member consumer-user-event-2-4039a3b7-4f46-42c7-99ab-4205bfd7860e with group instance id None; client reason: need to re-join with the given member-id: consumer-user-event-2-4039a3b7-4f46-42c7-99ab-4205bfd7860e)
2025-12-16T21:27:29.259+03:00  INFO 6068 --- [Consumer] [cutor-Rebalance] k.coordinator.group.GroupCoordinator     : [GroupCoordinator 0]: Stabilized group user-event generation 1 (__consumer_offsets-4) with 1 members
2025-12-16T21:27:29.273+03:00  INFO 6068 --- [Consumer] [ntainer#0-0-C-1] o.a.k.c.c.internals.ConsumerCoordinator  : [Consumer clientId=consumer-user-event-2, groupId=user-event] Successfully joined group with generation Generation{generationId=1, memberId='consumer-user-event-2-4039a3b7-4f46-42c7-99ab-4205bfd7860e', protocol='range'}
2025-12-16T21:27:29.289+03:00  INFO 6068 --- [Consumer] [ntainer#0-0-C-1] o.a.k.c.c.internals.ConsumerCoordinator  : [Consumer clientId=consumer-user-event-2, groupId=user-event] Finished assignment for group at generation 1: {consumer-user-event-2-4039a3b7-4f46-42c7-99ab-4205bfd7860e=Assignment(partitions=[user-event-0])}
2025-12-16T21:27:29.314+03:00  INFO 6068 --- [Consumer] [quest-handler-3] k.coordinator.group.GroupCoordinator     : [GroupCoordinator 0]: Assignment received from leader consumer-user-event-2-4039a3b7-4f46-42c7-99ab-4205bfd7860e for group user-event for generation 1. The group has 1 members, 0 of which are static.
2025-12-16T21:27:29.371+03:00  INFO 6068 --- [Consumer] [ntainer#0-0-C-1] o.a.k.c.c.internals.ConsumerCoordinator  : [Consumer clientId=consumer-user-event-2, groupId=user-event] Successfully synced group in generation Generation{generationId=1, memberId='consumer-user-event-2-4039a3b7-4f46-42c7-99ab-4205bfd7860e', protocol='range'}
2025-12-16T21:27:29.373+03:00  INFO 6068 --- [Consumer] [ntainer#0-0-C-1] o.a.k.c.c.internals.ConsumerCoordinator  : [Consumer clientId=consumer-user-event-2, groupId=user-event] Notifying assignor about the new Assignment(partitions=[user-event-0])
2025-12-16T21:27:29.379+03:00  INFO 6068 --- [Consumer] [ntainer#0-0-C-1] k.c.c.i.ConsumerRebalanceListenerInvoker : [Consumer clientId=consumer-user-event-2, groupId=user-event] Adding newly assigned partitions: user-event-0
2025-12-16T21:27:29.418+03:00  INFO 6068 --- [Consumer] [ntainer#0-0-C-1] o.a.k.c.c.internals.ConsumerCoordinator  : [Consumer clientId=consumer-user-event-2, groupId=user-event] Found no committed offset for partition user-event-0
2025-12-16T21:27:29.461+03:00  INFO 6068 --- [Consumer] [ntainer#0-0-C-1] o.a.k.c.c.internals.SubscriptionState    : [Consumer clientId=consumer-user-event-2, groupId=user-event] Resetting offset for partition user-event-0 to position FetchPosition{offset=0, offsetEpoch=Optional.empty, currentLeader=LeaderAndEpoch{leader=Optional[localhost:52535 (id: 0 rack: null)], epoch=0}}.
2025-12-16T21:27:29.465+03:00  INFO 6068 --- [Consumer] [ntainer#0-0-C-1] o.s.k.l.KafkaMessageListenerContainer    : user-event: partitions assigned: [user-event-0]
2025-12-16T21:27:30.277+03:00  INFO 6068 --- [Consumer] [ntainer#0-0-C-1] org.apache.kafka.clients.NetworkClient   : [Consumer clientId=consumer-user-event-1, groupId=user-event] Node -1 disconnected.
2025-12-16T21:27:30.278+03:00  WARN 6068 --- [Consumer] [ntainer#0-0-C-1] org.apache.kafka.clients.NetworkClient   : [Consumer clientId=consumer-user-event-1, groupId=user-event] Connection to node -1 (localhost/127.0.0.1:9092) could not be established. Node may not be available.
2025-12-16T21:27:30.278+03:00  WARN 6068 --- [Consumer] [ntainer#0-0-C-1] org.apache.kafka.clients.NetworkClient   : [Consumer clientId=consumer-user-event-1, groupId=user-event] Bootstrap broker localhost:9092 (id: -1 rack: null) disconnected
]]></system-out>
  </testcase>
  <testcase name="receiveMessageFromKafkaOnCreate_Ok_MethodSendMessage" classname="ru.shokhinsergey.consumer.handler.HandlerWithKafkaIntegrationTest" time="2.017">
    <system-out><![CDATA[2025-12-16T21:27:31.342+03:00  INFO 6068 --- [Consumer] [er-event-thread] kafka.controller.KafkaController         : [Controller id=0] Processing automatic preferred replica leader election
2025-12-16T21:27:32.233+03:00  INFO 6068 --- [Consumer] [ntainer#0-0-C-1] org.apache.kafka.clients.NetworkClient   : [Consumer clientId=consumer-user-event-1, groupId=user-event] Node -1 disconnected.
2025-12-16T21:27:32.234+03:00  WARN 6068 --- [Consumer] [ntainer#0-0-C-1] org.apache.kafka.clients.NetworkClient   : [Consumer clientId=consumer-user-event-1, groupId=user-event] Connection to node -1 (localhost/127.0.0.1:9092) could not be established. Node may not be available.
2025-12-16T21:27:32.234+03:00  WARN 6068 --- [Consumer] [ntainer#0-0-C-1] org.apache.kafka.clients.NetworkClient   : [Consumer clientId=consumer-user-event-1, groupId=user-event] Bootstrap broker localhost:9092 (id: -1 rack: null) disconnected
]]></system-out>
  </testcase>
</testsuite>