<?xml version="1.0" encoding="UTF-8"?>
<testsuite xmlns:xsi="http://www.w3.org/2001/XMLSchema-instance" xsi:noNamespaceSchemaLocation="https://maven.apache.org/surefire/maven-surefire-plugin/xsd/surefire-test-report.xsd" version="3.0.2" name="ru.shokhinsergey.springproject.controller.UserControllerTest" time="6.129" tests="14" errors="0" skipped="0" failures="0">
  <properties>
[...]
</properties>
  <testcase name="ifNotValidArguments_Exception_MethodUpdate" classname="ru.shokhinsergey.springproject.controller.UserControllerTest" time="0.496">
    <system-out><![CDATA[21:33:37.424 [main] INFO org.springframework.test.context.support.AnnotationConfigContextLoaderUtils -- Could not detect default configuration classes for test class [ru.shokhinsergey.springproject.controller.UserControllerTest]: UserControllerTest does not declare any static, non-private, non-final, nested classes annotated with @Configuration.
21:33:37.722 [main] INFO org.springframework.boot.test.context.SpringBootTestContextBootstrapper -- Found @SpringBootConfiguration ru.shokhinsergey.springproject.SpringprojectApplication for test class ru.shokhinsergey.springproject.controller.UserControllerTest

  .   ____          _            __ _ _
 /\\ / ___'_ __ _ _(_)_ __  __ _ \ \ \ \
( ( )\___ | '_ | '_| | '_ \/ _` | \ \ \ \
 \\/  ___)| |_)| | | | | || (_| |  ) ) ) )
  '  |____| .__|_| |_|_| |_\__, | / / / /
 =========|_|==============|___/=/_/_/_/

 :: Spring Boot ::                (v3.5.8)

2025-12-17T21:33:38.507+03:00  INFO 1064 --- [SpringApp] [           main] r.s.s.controller.UserControllerTest      : Starting UserControllerTest using Java 17.0.12 with PID 1064 (started by SERG in D:\OBUCH\Aston\INTENSIVE\Task__5\notifierkafkaApp\notifierkafka\springproject)
2025-12-17T21:33:38.510+03:00  INFO 1064 --- [SpringApp] [           main] r.s.s.controller.UserControllerTest      : No active profile set, falling back to 1 default profile: "default"
2025-12-17T21:33:42.344+03:00  INFO 1064 --- [SpringApp] [           main] o.s.b.t.m.w.SpringBootMockServletContext : Initializing Spring TestDispatcherServlet ''
2025-12-17T21:33:42.345+03:00  INFO 1064 --- [SpringApp] [           main] o.s.t.web.servlet.TestDispatcherServlet  : Initializing Servlet ''
2025-12-17T21:33:42.350+03:00  INFO 1064 --- [SpringApp] [           main] o.s.t.web.servlet.TestDispatcherServlet  : Completed initialization in 2 ms
2025-12-17T21:33:42.400+03:00  INFO 1064 --- [SpringApp] [           main] r.s.s.controller.UserControllerTest      : Started UserControllerTest in 4.558 seconds (process running for 6.332)
2025-12-17T21:33:42.873+03:00 ERROR 1064 --- [SpringApp] [           main] r.s.s.e.AppExceptionHandler              : Entered data doesn't match the format of parameter "email"
]]></system-out>
  </testcase>
  <testcase name="ifNotExistId_Exception_MethodGet" classname="ru.shokhinsergey.springproject.controller.UserControllerTest" time="0.056">
    <system-out><![CDATA[2025-12-17T21:33:42.972+03:00 ERROR 1064 --- [SpringApp] [           main] r.s.s.e.AppExceptionHandler              : User with specified "id" is not found
]]></system-out>
  </testcase>
  <testcase name="ifNotExistId_Exception_MethodDelete" classname="ru.shokhinsergey.springproject.controller.UserControllerTest" time="0.015">
    <system-out><![CDATA[2025-12-17T21:33:43.000+03:00 ERROR 1064 --- [SpringApp] [           main] r.s.s.e.AppExceptionHandler              : User with specified "id" is not found
]]></system-out>
  </testcase>
  <testcase name="ifNotValidId_Exception_MethodsGet" classname="ru.shokhinsergey.springproject.controller.UserControllerTest" time="0.012">
    <system-out><![CDATA[2025-12-17T21:33:43.020+03:00 ERROR 1064 --- [SpringApp] [           main] r.s.s.e.AppExceptionHandler              : Entered "id" is not valid
]]></system-out>
  </testcase>
  <testcase name="ifNotExistId_Exception_MethodUpdate" classname="ru.shokhinsergey.springproject.controller.UserControllerTest" time="0.033">
    <system-out><![CDATA[2025-12-17T21:33:43.058+03:00 ERROR 1064 --- [SpringApp] [           main] r.s.s.e.AppExceptionHandler              : User with specified "id" is not found
]]></system-out>
  </testcase>
  <testcase name="ifCorrectRequest_Ok_MethodCreate" classname="ru.shokhinsergey.springproject.controller.UserControllerTest" time="0.132"/>
  <testcase name="ifCorrectId_Ok_MethodDelete" classname="ru.shokhinsergey.springproject.controller.UserControllerTest" time="0.012"/>
  <testcase name="ifNotUniqueEmailArgument_Exception_MethodCreate" classname="ru.shokhinsergey.springproject.controller.UserControllerTest" time="0.017">
    <system-out><![CDATA[2025-12-17T21:33:43.235+03:00 ERROR 1064 --- [SpringApp] [           main] r.s.s.e.AppExceptionHandler              : Specified "email" has already been registered
]]></system-out>
  </testcase>
  <testcase name="ifCorrectId_Ok_MethodGet" classname="ru.shokhinsergey.springproject.controller.UserControllerTest" time="0.014"/>
  <testcase name="ifNotUniqueEmailArgument_Exception_MethodUpdate" classname="ru.shokhinsergey.springproject.controller.UserControllerTest" time="0.014">
    <system-out><![CDATA[2025-12-17T21:33:43.277+03:00 ERROR 1064 --- [SpringApp] [           main] r.s.s.e.AppExceptionHandler              : Specified "email" has already been registered
]]></system-out>
  </testcase>
  <testcase name="ifCorrectIdAndRequest_Ok_MethodUpdate" classname="ru.shokhinsergey.springproject.controller.UserControllerTest" time="0.013"/>
  <testcase name="ifNotValidId_Exception_MethodsDelete" classname="ru.shokhinsergey.springproject.controller.UserControllerTest" time="0.011">
    <system-out><![CDATA[2025-12-17T21:33:43.311+03:00 ERROR 1064 --- [SpringApp] [           main] r.s.s.e.AppExceptionHandler              : Entered "id" is not valid
]]></system-out>
  </testcase>
  <testcase name="ifNotValidArguments_Exception_MethodCreate" classname="ru.shokhinsergey.springproject.controller.UserControllerTest" time="0.01">
    <system-out><![CDATA[2025-12-17T21:33:43.328+03:00 ERROR 1064 --- [SpringApp] [           main] r.s.s.e.AppExceptionHandler              : Entered data doesn't match the format of parameter "email"
]]></system-out>
  </testcase>
  <testcase name="ifNotValidId_Exception_MethodsUpdate" classname="ru.shokhinsergey.springproject.controller.UserControllerTest" time="0.011">
    <system-out><![CDATA[2025-12-17T21:33:43.347+03:00 ERROR 1064 --- [SpringApp] [           main] r.s.s.e.AppExceptionHandler              : Entered "id" is not valid
]]></system-out>
  </testcase>
</testsuite>